Using pre-set license
Built from '2022.3/staging' branch; Version is '2022.3.11f1 (d00248457e15) revision 13632072'; Using compiler version '192829333'; Build Type 'Release'
OS: 'Windows 10  (10.0.19045) 64bit Core' Language: 'en' Physical Memory: 16296 MB
BatchMode: 1, IsHumanControllingUs: 0, StartBugReporterOnCrash: 0, Is64bit: 1, IsPro: 1

COMMAND LINE ARGUMENTS:
C:\Program Files\Unity\Hub\Editor\2022.3.11f1\Editor\Unity.exe
-adb2
-batchMode
-noUpm
-name
AssetImportWorker1
-projectPath
C:/Users/filip/Last-One-Standing
-logFile
Logs/AssetImportWorker1.log
-srvPort
51688
Successfully changed project path to: C:/Users/filip/Last-One-Standing
C:/Users/filip/Last-One-Standing
[UnityMemory] Configuration Parameters - Can be set up in boot.config
    "memorysetup-bucket-allocator-granularity=16"
    "memorysetup-bucket-allocator-bucket-count=8"
    "memorysetup-bucket-allocator-block-size=33554432"
    "memorysetup-bucket-allocator-block-count=8"
    "memorysetup-main-allocator-block-size=16777216"
    "memorysetup-thread-allocator-block-size=16777216"
    "memorysetup-gfx-main-allocator-block-size=16777216"
    "memorysetup-gfx-thread-allocator-block-size=16777216"
    "memorysetup-cache-allocator-block-size=4194304"
    "memorysetup-typetree-allocator-block-size=2097152"
    "memorysetup-profiler-bucket-allocator-granularity=16"
    "memorysetup-profiler-bucket-allocator-bucket-count=8"
    "memorysetup-profiler-bucket-allocator-block-size=33554432"
    "memorysetup-profiler-bucket-allocator-block-count=8"
    "memorysetup-profiler-allocator-block-size=16777216"
    "memorysetup-profiler-editor-allocator-block-size=1048576"
    "memorysetup-temp-allocator-size-main=16777216"
    "memorysetup-job-temp-allocator-block-size=2097152"
    "memorysetup-job-temp-allocator-block-size-background=1048576"
    "memorysetup-job-temp-allocator-reduction-small-platforms=262144"
    "memorysetup-allocator-temp-initial-block-size-main=262144"
    "memorysetup-allocator-temp-initial-block-size-worker=262144"
    "memorysetup-temp-allocator-size-background-worker=32768"
    "memorysetup-temp-allocator-size-job-worker=262144"
    "memorysetup-temp-allocator-size-preload-manager=33554432"
    "memorysetup-temp-allocator-size-nav-mesh-worker=65536"
    "memorysetup-temp-allocator-size-audio-worker=65536"
    "memorysetup-temp-allocator-size-cloud-worker=32768"
    "memorysetup-temp-allocator-size-gi-baking-worker=262144"
    "memorysetup-temp-allocator-size-gfx=262144"
Player connection [31452] Host "[IP] 172.16.3.10 [Port] 0 [Flags] 2 [Guid] 2570630262 [EditorId] 2570630262 [Version] 1048832 [Id] WindowsEditor(7,PC-Filip) [Debug] 1 [PackageName] WindowsEditor [ProjectName] Editor" joined multi-casting on [225.0.0.222:54997]...

Player connection [31452] Host "[IP] 172.16.3.10 [Port] 0 [Flags] 2 [Guid] 2570630262 [EditorId] 2570630262 [Version] 1048832 [Id] WindowsEditor(7,PC-Filip) [Debug] 1 [PackageName] WindowsEditor [ProjectName] Editor" joined alternative multi-casting on [225.0.0.222:34997]...

[Physics::Module] Initialized MultithreadedJobDispatcher with 15 workers.
Refreshing native plugins compatible for Editor in 34.77 ms, found 3 plugins.
Preloading 0 native plugins for Editor in 0.00 ms.
Initialize engine version: 2022.3.11f1 (d00248457e15)
[Subsystems] Discovering subsystems at path C:/Program Files/Unity/Hub/Editor/2022.3.11f1/Editor/Data/Resources/UnitySubsystems
[Subsystems] Discovering subsystems at path C:/Users/filip/Last-One-Standing/Assets
GfxDevice: creating device client; threaded=0; jobified=0
Direct3D:
    Version:  Direct3D 11.0 [level 11.1]
    Renderer: NVIDIA GeForce RTX 2060 (ID=0x1f08)
    Vendor:   NVIDIA
    VRAM:     5955 MB
    Driver:   32.0.15.6614
Initialize mono
Mono path[0] = 'C:/Program Files/Unity/Hub/Editor/2022.3.11f1/Editor/Data/Managed'
Mono path[1] = 'C:/Program Files/Unity/Hub/Editor/2022.3.11f1/Editor/Data/MonoBleedingEdge/lib/mono/unityjit-win32'
Mono config path = 'C:/Program Files/Unity/Hub/Editor/2022.3.11f1/Editor/Data/MonoBleedingEdge/etc'
Using monoOptions --debugger-agent=transport=dt_socket,embedding=1,server=y,suspend=n,address=127.0.0.1:56708
Begin MonoManager ReloadAssembly
Registering precompiled unity dll's ...
Register platform support module: C:/Program Files/Unity/Hub/Editor/2022.3.11f1/Editor/Data/PlaybackEngines/WindowsStandaloneSupport/UnityEditor.WindowsStandalone.Extensions.dll
Registered in 0.014484 seconds.
- Loaded All Assemblies, in  0.474 seconds
Native extension for WindowsStandalone target not found
Mono: successfully reloaded assembly
- Finished resetting the current domain, in  0.252 seconds
Domain Reload Profiling: 723ms
	BeginReloadAssembly (172ms)
		ExecutionOrderSort (0ms)
		DisableScriptedObjects (0ms)
		BackupInstance (0ms)
		ReleaseScriptingObjects (0ms)
		CreateAndSetChildDomain (1ms)
	RebuildCommonClasses (38ms)
	RebuildNativeTypeToScriptingClass (12ms)
	initialDomainReloadingComplete (75ms)
	LoadAllAssembliesAndSetupDomain (173ms)
		LoadAssemblies (166ms)
		RebuildTransferFunctionScriptingTraits (0ms)
		AnalyzeDomain (170ms)
			TypeCache.Refresh (169ms)
				TypeCache.ScanAssembly (154ms)
			ScanForSourceGeneratedMonoScriptInfo (0ms)
			ResolveRequiredComponents (1ms)
	FinalizeReload (253ms)
		ReleaseScriptCaches (0ms)
		RebuildScriptCaches (0ms)
		SetupLoadedEditorAssemblies (191ms)
			LogAssemblyErrors (0ms)
			InitializePlatformSupportModulesInManaged (12ms)
			SetLoadedEditorAssemblies (7ms)
			RefreshPlugins (0ms)
			BeforeProcessingInitializeOnLoad (3ms)
			ProcessInitializeOnLoadAttributes (122ms)
			ProcessInitializeOnLoadMethodAttributes (46ms)
			AfterProcessingInitializeOnLoad (0ms)
			EditorAssembliesLoaded (0ms)
		ExecutionOrderSort2 (0ms)
		AwakeInstancesAfterBackupRestoration (0ms)
========================================================================
Worker process is ready to serve import requests
Begin MonoManager ReloadAssembly
- Loaded All Assemblies, in  2.749 seconds
Refreshing native plugins compatible for Editor in 6.42 ms, found 3 plugins.
Native extension for WindowsStandalone target not found
Package Manager log level set to [2]
[Package Manager] Server::EnsureServerProcessIsRunning -- launch failed, reason: Unity was launched with the -noUpm command-line argument
[Package Manager] UpmClient::Send -- Unable to send message (not connected to UPM process).
[Package Manager] Cannot connect to Unity Package Manager local server
Mono: successfully reloaded assembly
- Finished resetting the current domain, in  0.832 seconds
Domain Reload Profiling: 3573ms
	BeginReloadAssembly (172ms)
		ExecutionOrderSort (0ms)
		DisableScriptedObjects (5ms)
		BackupInstance (0ms)
		ReleaseScriptingObjects (0ms)
		CreateAndSetChildDomain (29ms)
	RebuildCommonClasses (39ms)
	RebuildNativeTypeToScriptingClass (11ms)
	initialDomainReloadingComplete (47ms)
	LoadAllAssembliesAndSetupDomain (2471ms)
		LoadAssemblies (2244ms)
		RebuildTransferFunctionScriptingTraits (0ms)
		AnalyzeDomain (324ms)
			TypeCache.Refresh (286ms)
				TypeCache.ScanAssembly (212ms)
			ScanForSourceGeneratedMonoScriptInfo (26ms)
			ResolveRequiredComponents (9ms)
	FinalizeReload (833ms)
		ReleaseScriptCaches (0ms)
		RebuildScriptCaches (0ms)
		SetupLoadedEditorAssemblies (669ms)
			LogAssemblyErrors (0ms)
			InitializePlatformSupportModulesInManaged (7ms)
			SetLoadedEditorAssemblies (3ms)
			RefreshPlugins (0ms)
			BeforeProcessingInitializeOnLoad (90ms)
			ProcessInitializeOnLoadAttributes (486ms)
			ProcessInitializeOnLoadMethodAttributes (72ms)
			AfterProcessingInitializeOnLoad (11ms)
			EditorAssembliesLoaded (0ms)
		ExecutionOrderSort2 (0ms)
		AwakeInstancesAfterBackupRestoration (6ms)
Launched and connected shader compiler UnityShaderCompiler.exe after 0.06 seconds
Refreshing native plugins compatible for Editor in 6.06 ms, found 3 plugins.
Preloading 0 native plugins for Editor in 0.00 ms.
Unloading 5943 Unused Serialized files (Serialized files now loaded: 0)
Unloading 94 unused Assets / (2.0 MB). Loaded Objects now: 6412.
Memory consumption went from 244.3 MB to 242.4 MB.
Total: 5.158500 ms (FindLiveObjects: 0.554500 ms CreateObjectMapping: 0.196300 ms MarkObjects: 3.750300 ms  DeleteObjects: 0.656600 ms)

AssetImportParameters requested are different than current active one (requested -> active):
  custom:container-demuxer-ogg: 62fdf1f143b41e24485cea50d1cbac27 -> 
  custom:video-decoder-ogg-theora: a1e56fd34408186e4bbccfd4996cb3dc -> 
  custom:framework-win-MediaFoundation: 216162199b28c13a410421893ffa2e32 -> 
  custom:CustomObjectIndexerAttribute: d54d2f2da18e7612c182cf67624b6b12 -> 
  custom:container-demuxer-webm: 4f35f7cbe854078d1ac9338744f61a02 -> 
  custom:container-muxer-webm: aa71ff27fc2769a1b78a27578f13a17b -> 
  custom:video-decoder-webm-vp8: 9c59270c3fd7afecdb556c50c9e8de78 -> 
  custom:SearchIndexIgnoredProperties: e643bd26f0fe6173181afceb89e7c659 -> 
  custom:AudioImporter_EditorPlatform: d09bf68614088b80899f8185d706f6e7 -> 
  custom:video-encoder-webm-vp8: eb34c28f22e8b96e1ab97ce403110664 -> 
  custom:audio-decoder-ogg-vorbis: bf7c407c2cedff20999df2af8eb42d56 -> 
  custom:audio-encoder-webm-vorbis: bf7c407c2cedff20999df2af8eb42d56 -> 
========================================================================
Received Import Request.
  Time since last request: 2944620.927721 seconds.
  path: Assets/Scenes/levelTutorial.unity
  artifactKey: Guid(3840ce6ccfe3589439113967156f50ce) Importer(815301076,1909f56bfc062723c751e8b465ee728b)
Start importing Assets/Scenes/levelTutorial.unity using Guid(3840ce6ccfe3589439113967156f50ce) Importer(815301076,1909f56bfc062723c751e8b465ee728b)  -> (artifact id: '0cc3136828a24c7e0d45cfb4bdf28611') in 0.002548 seconds
Number of updated asset objects reloaded before import = 0
Number of asset objects unloaded after import = 0
========================================================================
Received Prepare
Begin MonoManager ReloadAssembly
- Loaded All Assemblies, in  0.562 seconds
Refreshing native plugins compatible for Editor in 5.09 ms, found 3 plugins.
Native extension for WindowsStandalone target not found
[Package Manager] Server::EnsureServerProcessIsRunning -- launch failed, reason: Unity was launched with the -noUpm command-line argument
[Package Manager] UpmClient::Send -- Unable to send message (not connected to UPM process).
[Package Manager] Cannot connect to Unity Package Manager local server
Mono: successfully reloaded assembly
- Finished resetting the current domain, in  1.475 seconds
Domain Reload Profiling: 2032ms
	BeginReloadAssembly (183ms)
		ExecutionOrderSort (0ms)
		DisableScriptedObjects (3ms)
		BackupInstance (0ms)
		ReleaseScriptingObjects (0ms)
		CreateAndSetChildDomain (45ms)
	RebuildCommonClasses (37ms)
	RebuildNativeTypeToScriptingClass (14ms)
	initialDomainReloadingComplete (33ms)
	LoadAllAssembliesAndSetupDomain (290ms)
		LoadAssemblies (368ms)
		RebuildTransferFunctionScriptingTraits (0ms)
		AnalyzeDomain (18ms)
			TypeCache.Refresh (6ms)
				TypeCache.ScanAssembly (0ms)
			ScanForSourceGeneratedMonoScriptInfo (0ms)
			ResolveRequiredComponents (10ms)
	FinalizeReload (1476ms)
		ReleaseScriptCaches (0ms)
		RebuildScriptCaches (0ms)
		SetupLoadedEditorAssemblies (585ms)
			LogAssemblyErrors (0ms)
			InitializePlatformSupportModulesInManaged (7ms)
			SetLoadedEditorAssemblies (3ms)
			RefreshPlugins (0ms)
			BeforeProcessingInitializeOnLoad (95ms)
			ProcessInitializeOnLoadAttributes (409ms)
			ProcessInitializeOnLoadMethodAttributes (58ms)
			AfterProcessingInitializeOnLoad (13ms)
			EditorAssembliesLoaded (0ms)
		ExecutionOrderSort2 (0ms)
		AwakeInstancesAfterBackupRestoration (8ms)
Refreshing native plugins compatible for Editor in 5.85 ms, found 3 plugins.
Preloading 0 native plugins for Editor in 0.00 ms.
Unloading 5796 Unused Serialized files (Serialized files now loaded: 0)
Unloading 60 unused Assets / (2.0 MB). Loaded Objects now: 6415.
Memory consumption went from 212.1 MB to 210.1 MB.
Total: 6.198900 ms (FindLiveObjects: 0.668400 ms CreateObjectMapping: 0.211000 ms MarkObjects: 3.913900 ms  DeleteObjects: 1.404100 ms)

Prepare: number of updated asset objects reloaded= 0
AssetImportParameters requested are different than current active one (requested -> active):
  custom:container-demuxer-ogg: 62fdf1f143b41e24485cea50d1cbac27 -> 
  custom:video-decoder-ogg-theora: a1e56fd34408186e4bbccfd4996cb3dc -> 
  custom:framework-win-MediaFoundation: 216162199b28c13a410421893ffa2e32 -> 
  custom:CustomObjectIndexerAttribute: d54d2f2da18e7612c182cf67624b6b12 -> 
  custom:container-demuxer-webm: 4f35f7cbe854078d1ac9338744f61a02 -> 
  custom:container-muxer-webm: aa71ff27fc2769a1b78a27578f13a17b -> 
  custom:video-decoder-webm-vp8: 9c59270c3fd7afecdb556c50c9e8de78 -> 
  custom:SearchIndexIgnoredProperties: e643bd26f0fe6173181afceb89e7c659 -> 
  custom:AudioImporter_EditorPlatform: d09bf68614088b80899f8185d706f6e7 -> 
  custom:video-encoder-webm-vp8: eb34c28f22e8b96e1ab97ce403110664 -> 
  custom:audio-decoder-ogg-vorbis: bf7c407c2cedff20999df2af8eb42d56 -> 
  custom:audio-encoder-webm-vorbis: bf7c407c2cedff20999df2af8eb42d56 -> 
========================================================================
Received Prepare
Begin MonoManager ReloadAssembly
- Loaded All Assemblies, in  0.527 seconds
Refreshing native plugins compatible for Editor in 5.53 ms, found 3 plugins.
Native extension for WindowsStandalone target not found
[Package Manager] Server::EnsureServerProcessIsRunning -- launch failed, reason: Unity was launched with the -noUpm command-line argument
[Package Manager] UpmClient::Send -- Unable to send message (not connected to UPM process).
[Package Manager] Cannot connect to Unity Package Manager local server
Mono: successfully reloaded assembly
- Finished resetting the current domain, in  1.478 seconds
Domain Reload Profiling: 2000ms
	BeginReloadAssembly (164ms)
		ExecutionOrderSort (0ms)
		DisableScriptedObjects (4ms)
		BackupInstance (0ms)
		ReleaseScriptingObjects (0ms)
		CreateAndSetChildDomain (38ms)
	RebuildCommonClasses (32ms)
	RebuildNativeTypeToScriptingClass (12ms)
	initialDomainReloadingComplete (36ms)
	LoadAllAssembliesAndSetupDomain (277ms)
		LoadAssemblies (345ms)
		RebuildTransferFunctionScriptingTraits (0ms)
		AnalyzeDomain (18ms)
			TypeCache.Refresh (7ms)
				TypeCache.ScanAssembly (0ms)
			ScanForSourceGeneratedMonoScriptInfo (0ms)
			ResolveRequiredComponents (10ms)
	FinalizeReload (1478ms)
		ReleaseScriptCaches (0ms)
		RebuildScriptCaches (0ms)
		SetupLoadedEditorAssemblies (615ms)
			LogAssemblyErrors (0ms)
			InitializePlatformSupportModulesInManaged (7ms)
			SetLoadedEditorAssemblies (3ms)
			RefreshPlugins (0ms)
			BeforeProcessingInitializeOnLoad (100ms)
			ProcessInitializeOnLoadAttributes (425ms)
			ProcessInitializeOnLoadMethodAttributes (66ms)
			AfterProcessingInitializeOnLoad (13ms)
			EditorAssembliesLoaded (0ms)
		ExecutionOrderSort2 (0ms)
		AwakeInstancesAfterBackupRestoration (7ms)
Refreshing native plugins compatible for Editor in 6.88 ms, found 3 plugins.
Preloading 0 native plugins for Editor in 0.00 ms.
Unloading 5797 Unused Serialized files (Serialized files now loaded: 0)
Unloading 60 unused Assets / (2.0 MB). Loaded Objects now: 6418.
Memory consumption went from 214.3 MB to 212.3 MB.
Total: 6.255100 ms (FindLiveObjects: 0.898200 ms CreateObjectMapping: 0.385400 ms MarkObjects: 3.787700 ms  DeleteObjects: 1.182300 ms)

Prepare: number of updated asset objects reloaded= 0
AssetImportParameters requested are different than current active one (requested -> active):
  custom:container-demuxer-ogg: 62fdf1f143b41e24485cea50d1cbac27 -> 
  custom:video-decoder-ogg-theora: a1e56fd34408186e4bbccfd4996cb3dc -> 
  custom:framework-win-MediaFoundation: 216162199b28c13a410421893ffa2e32 -> 
  custom:CustomObjectIndexerAttribute: d54d2f2da18e7612c182cf67624b6b12 -> 
  custom:container-demuxer-webm: 4f35f7cbe854078d1ac9338744f61a02 -> 
  custom:container-muxer-webm: aa71ff27fc2769a1b78a27578f13a17b -> 
  custom:video-decoder-webm-vp8: 9c59270c3fd7afecdb556c50c9e8de78 -> 
  custom:SearchIndexIgnoredProperties: e643bd26f0fe6173181afceb89e7c659 -> 
  custom:AudioImporter_EditorPlatform: d09bf68614088b80899f8185d706f6e7 -> 
  custom:video-encoder-webm-vp8: eb34c28f22e8b96e1ab97ce403110664 -> 
  custom:audio-decoder-ogg-vorbis: bf7c407c2cedff20999df2af8eb42d56 -> 
  custom:audio-encoder-webm-vorbis: bf7c407c2cedff20999df2af8eb42d56 -> 
========================================================================
Received Prepare
Begin MonoManager ReloadAssembly
- Loaded All Assemblies, in  0.527 seconds
Refreshing native plugins compatible for Editor in 5.82 ms, found 3 plugins.
Native extension for WindowsStandalone target not found
[Package Manager] Server::EnsureServerProcessIsRunning -- launch failed, reason: Unity was launched with the -noUpm command-line argument
[Package Manager] UpmClient::Send -- Unable to send message (not connected to UPM process).
[Package Manager] Cannot connect to Unity Package Manager local server
Mono: successfully reloaded assembly
- Finished resetting the current domain, in  1.487 seconds
Domain Reload Profiling: 2008ms
	BeginReloadAssembly (162ms)
		ExecutionOrderSort (0ms)
		DisableScriptedObjects (4ms)
		BackupInstance (0ms)
		ReleaseScriptingObjects (0ms)
		CreateAndSetChildDomain (41ms)
	RebuildCommonClasses (32ms)
	RebuildNativeTypeToScriptingClass (11ms)
	initialDomainReloadingComplete (33ms)
	LoadAllAssembliesAndSetupDomain (282ms)
		LoadAssemblies (344ms)
		RebuildTransferFunctionScriptingTraits (0ms)
		AnalyzeDomain (19ms)
			TypeCache.Refresh (7ms)
				TypeCache.ScanAssembly (0ms)
			ScanForSourceGeneratedMonoScriptInfo (0ms)
			ResolveRequiredComponents (10ms)
	FinalizeReload (1487ms)
		ReleaseScriptCaches (0ms)
		RebuildScriptCaches (0ms)
		SetupLoadedEditorAssemblies (604ms)
			LogAssemblyErrors (0ms)
			InitializePlatformSupportModulesInManaged (8ms)
			SetLoadedEditorAssemblies (5ms)
			RefreshPlugins (0ms)
			BeforeProcessingInitializeOnLoad (97ms)
			ProcessInitializeOnLoadAttributes (421ms)
			ProcessInitializeOnLoadMethodAttributes (62ms)
			AfterProcessingInitializeOnLoad (12ms)
			EditorAssembliesLoaded (0ms)
		ExecutionOrderSort2 (0ms)
		AwakeInstancesAfterBackupRestoration (7ms)
Refreshing native plugins compatible for Editor in 6.63 ms, found 3 plugins.
Preloading 0 native plugins for Editor in 0.00 ms.
Unloading 5797 Unused Serialized files (Serialized files now loaded: 0)
Unloading 60 unused Assets / (2.0 MB). Loaded Objects now: 6421.
Memory consumption went from 216.2 MB to 214.3 MB.
Total: 4.905900 ms (FindLiveObjects: 0.620800 ms CreateObjectMapping: 0.179200 ms MarkObjects: 3.165900 ms  DeleteObjects: 0.938600 ms)

Prepare: number of updated asset objects reloaded= 0
AssetImportParameters requested are different than current active one (requested -> active):
  custom:container-demuxer-ogg: 62fdf1f143b41e24485cea50d1cbac27 -> 
  custom:video-decoder-ogg-theora: a1e56fd34408186e4bbccfd4996cb3dc -> 
  custom:framework-win-MediaFoundation: 216162199b28c13a410421893ffa2e32 -> 
  custom:CustomObjectIndexerAttribute: d54d2f2da18e7612c182cf67624b6b12 -> 
  custom:container-demuxer-webm: 4f35f7cbe854078d1ac9338744f61a02 -> 
  custom:container-muxer-webm: aa71ff27fc2769a1b78a27578f13a17b -> 
  custom:video-decoder-webm-vp8: 9c59270c3fd7afecdb556c50c9e8de78 -> 
  custom:SearchIndexIgnoredProperties: e643bd26f0fe6173181afceb89e7c659 -> 
  custom:AudioImporter_EditorPlatform: d09bf68614088b80899f8185d706f6e7 -> 
  custom:video-encoder-webm-vp8: eb34c28f22e8b96e1ab97ce403110664 -> 
  custom:audio-decoder-ogg-vorbis: bf7c407c2cedff20999df2af8eb42d56 -> 
  custom:audio-encoder-webm-vorbis: bf7c407c2cedff20999df2af8eb42d56 -> 
========================================================================
Received Import Request.
  Time since last request: 724.066166 seconds.
  path: Assets/Assets/Clean Vector Icons/T_1_anvil_.png
  artifactKey: Guid(6886db5fac1305b4d82a95ca744de0c7) Importer(815301076,1909f56bfc062723c751e8b465ee728b)
Start importing Assets/Assets/Clean Vector Icons/T_1_anvil_.png using Guid(6886db5fac1305b4d82a95ca744de0c7) Importer(815301076,1909f56bfc062723c751e8b465ee728b)  -> (artifact id: 'b4199d3a8d1c983fa6d85831023ccbc7') in 0.098227 seconds
Number of updated asset objects reloaded before import = 0
Number of asset objects unloaded after import = 3
========================================================================
Received Import Request.
  Time since last request: 0.000023 seconds.
  path: Assets/Assets/Clean Vector Icons/T_3_eye_bored_.png
  artifactKey: Guid(e21783b9009bb3e40aac9f7487d624f7) Importer(815301076,1909f56bfc062723c751e8b465ee728b)
Start importing Assets/Assets/Clean Vector Icons/T_3_eye_bored_.png using Guid(e21783b9009bb3e40aac9f7487d624f7) Importer(815301076,1909f56bfc062723c751e8b465ee728b)  -> (artifact id: '55811d6bd4ab468e96c0d0af4f6379b3') in 0.034400 seconds
Number of updated asset objects reloaded before import = 0
Number of asset objects unloaded after import = 3
========================================================================
Received Import Request.
  Time since last request: 0.000025 seconds.
  path: Assets/Assets/Clean Vector Icons/T_2_letter_open_.png
  artifactKey: Guid(80ccf6426cf5d81439e0d2d0d5e3a670) Importer(815301076,1909f56bfc062723c751e8b465ee728b)
Start importing Assets/Assets/Clean Vector Icons/T_2_letter_open_.png using Guid(80ccf6426cf5d81439e0d2d0d5e3a670) Importer(815301076,1909f56bfc062723c751e8b465ee728b)  -> (artifact id: 'cad434e7a25982590abcd78db2100579') in 0.031861 seconds
Number of updated asset objects reloaded before import = 0
Number of asset objects unloaded after import = 3
========================================================================
Received Import Request.
  Time since last request: 0.000014 seconds.
  path: Assets/Assets/Clean Vector Icons/T_1_cursor_al.png
  artifactKey: Guid(5988a2020badc834c96521b52b6a08f5) Importer(815301076,1909f56bfc062723c751e8b465ee728b)
Start importing Assets/Assets/Clean Vector Icons/T_1_cursor_al.png using Guid(5988a2020badc834c96521b52b6a08f5) Importer(815301076,1909f56bfc062723c751e8b465ee728b)  -> (artifact id: 'fb9155eead286d45f3799f2f46a60bb6') in 0.025285 seconds
Number of updated asset objects reloaded before import = 0
Number of asset objects unloaded after import = 3
========================================================================
Received Import Request.
  Time since last request: 0.000017 seconds.
  path: Assets/Assets/Clean Vector Icons/T_2_scroll_open_.png
  artifactKey: Guid(772f522a9c782904e9d220a7f8690c6c) Importer(815301076,1909f56bfc062723c751e8b465ee728b)
Start importing Assets/Assets/Clean Vector Icons/T_2_scroll_open_.png using Guid(772f522a9c782904e9d220a7f8690c6c) Importer(815301076,1909f56bfc062723c751e8b465ee728b)  -> (artifact id: '9fd05ac61f0a8db27570e073af6d1763') in 0.025292 seconds
Number of updated asset objects reloaded before import = 0
Number of asset objects unloaded after import = 3
========================================================================
Received Import Request.
  Time since last request: 0.000016 seconds.
  path: Assets/Assets/Clean Vector Icons/T_3_magic_fire_.png
  artifactKey: Guid(e32b8056f5f2eb741bec42f791c7f1b5) Importer(815301076,1909f56bfc062723c751e8b465ee728b)
Start importing Assets/Assets/Clean Vector Icons/T_3_magic_fire_.png using Guid(e32b8056f5f2eb741bec42f791c7f1b5) Importer(815301076,1909f56bfc062723c751e8b465ee728b)  -> (artifact id: '63dc81d3d06c1bb70957152623247f38') in 0.025052 seconds
Number of updated asset objects reloaded before import = 0
Number of asset objects unloaded after import = 3
========================================================================
Received Import Request.
  Time since last request: 0.000016 seconds.
  path: Assets/Assets/Clean Vector Icons/T_1_head_samurai_.png
  artifactKey: Guid(c50ecf4cb0747f64487b52e59758d9a7) Importer(815301076,1909f56bfc062723c751e8b465ee728b)
Start importing Assets/Assets/Clean Vector Icons/T_1_head_samurai_.png using Guid(c50ecf4cb0747f64487b52e59758d9a7) Importer(815301076,1909f56bfc062723c751e8b465ee728b)  -> (artifact id: '250ddafef0d88cf147f0c86303977bad') in 0.024421 seconds
Number of updated asset objects reloaded before import = 0
Number of asset objects unloaded after import = 3
========================================================================
Received Import Request.
  Time since last request: 0.000014 seconds.
  path: Assets/Assets/Clean Vector Icons/T_3_coins_.png
  artifactKey: Guid(8ea3e46938e041f4a8abb8200dc90159) Importer(815301076,1909f56bfc062723c751e8b465ee728b)
Start importing Assets/Assets/Clean Vector Icons/T_3_coins_.png using Guid(8ea3e46938e041f4a8abb8200dc90159) Importer(815301076,1909f56bfc062723c751e8b465ee728b)  -> (artifact id: 'bf7b471cfe8c75f5b2383c734c8b0fd0') in 0.024836 seconds
Number of updated asset objects reloaded before import = 0
Number of asset objects unloaded after import = 3
========================================================================
Received Import Request.
  Time since last request: 0.000014 seconds.
  path: Assets/Assets/Clean Vector Icons/T_3_magnifier_-_.png
  artifactKey: Guid(9a002ad9048368d408f2e7fefe76d729) Importer(815301076,1909f56bfc062723c751e8b465ee728b)
Start importing Assets/Assets/Clean Vector Icons/T_3_magnifier_-_.png using Guid(9a002ad9048368d408f2e7fefe76d729) Importer(815301076,1909f56bfc062723c751e8b465ee728b)  -> (artifact id: '55d71be46672dd6477c1c66f0fcb69f9') in 0.025858 seconds
Number of updated asset objects reloaded before import = 0
Number of asset objects unloaded after import = 3
========================================================================
Received Import Request.
  Time since last request: 0.000024 seconds.
  path: Assets/Assets/Clean Vector Icons/T_1_eye_.png
  artifactKey: Guid(5c27fc79dd2011c4ab50f507f7cfb7af) Importer(815301076,1909f56bfc062723c751e8b465ee728b)
Start importing Assets/Assets/Clean Vector Icons/T_1_eye_.png using Guid(5c27fc79dd2011c4ab50f507f7cfb7af) Importer(815301076,1909f56bfc062723c751e8b465ee728b)  -> (artifact id: 'cc33f994b14298cf8e6630a07348e07a') in 0.025936 seconds
Number of updated asset objects reloaded before import = 0
Number of asset objects unloaded after import = 3
========================================================================
Received Import Request.
  Time since last request: 0.000021 seconds.
  path: Assets/Assets/Clean Vector Icons/T_2_magnifier_+_.png
  artifactKey: Guid(22fb9c2bd4a40f34e8897156a2986091) Importer(815301076,1909f56bfc062723c751e8b465ee728b)
Start importing Assets/Assets/Clean Vector Icons/T_2_magnifier_+_.png using Guid(22fb9c2bd4a40f34e8897156a2986091) Importer(815301076,1909f56bfc062723c751e8b465ee728b)  -> (artifact id: '3f26b62fe2575897b2d07042b60cee94') in 0.024865 seconds
Number of updated asset objects reloaded before import = 0
Number of asset objects unloaded after import = 3
========================================================================
Received Import Request.
  Time since last request: 0.000015 seconds.
  path: Assets/Assets/Clean Vector Icons/T_1_sword90_.png
  artifactKey: Guid(5aa0d71d789c93a468898d8acfcf2a09) Importer(815301076,1909f56bfc062723c751e8b465ee728b)
Start importing Assets/Assets/Clean Vector Icons/T_1_sword90_.png using Guid(5aa0d71d789c93a468898d8acfcf2a09) Importer(815301076,1909f56bfc062723c751e8b465ee728b)  -> (artifact id: '90577e4f3fa2dab87e8f0c73a3a68aa5') in 0.026429 seconds
Number of updated asset objects reloaded before import = 0
Number of asset objects unloaded after import = 3
========================================================================
Received Import Request.
  Time since last request: 0.000014 seconds.
  path: Assets/Assets/Clean Vector Icons/T_1_bottle_empty_.png
  artifactKey: Guid(1cb023a73f5d18a46932d97b15db34c7) Importer(815301076,1909f56bfc062723c751e8b465ee728b)
Start importing Assets/Assets/Clean Vector Icons/T_1_bottle_empty_.png using Guid(1cb023a73f5d18a46932d97b15db34c7) Importer(815301076,1909f56bfc062723c751e8b465ee728b)  -> (artifact id: 'c195ebb5f4247fa655467f94ee6b6aee') in 0.025222 seconds
Number of updated asset objects reloaded before import = 0
Number of asset objects unloaded after import = 3
========================================================================
Received Import Request.
  Time since last request: 0.000014 seconds.
  path: Assets/Assets/Clean Vector Icons/T_2_cursor_+_al_.png
  artifactKey: Guid(8ee98e5afeb13384cb04affd2fccacf3) Importer(815301076,1909f56bfc062723c751e8b465ee728b)
Start importing Assets/Assets/Clean Vector Icons/T_2_cursor_+_al_.png using Guid(8ee98e5afeb13384cb04affd2fccacf3) Importer(815301076,1909f56bfc062723c751e8b465ee728b)  -> (artifact id: 'c0dd5bb3961511b48f1c28ea146f7a98') in 0.025445 seconds
Number of updated asset objects reloaded before import = 0
Number of asset objects unloaded after import = 3
========================================================================
Received Import Request.
  Time since last request: 0.000015 seconds.
  path: Assets/Assets/Clean Vector Icons/T_2_head_gladiator_.png
  artifactKey: Guid(e128b01dab70e7a498a78577123c2db0) Importer(815301076,1909f56bfc062723c751e8b465ee728b)
Start importing Assets/Assets/Clean Vector Icons/T_2_head_gladiator_.png using Guid(e128b01dab70e7a498a78577123c2db0) Importer(815301076,1909f56bfc062723c751e8b465ee728b)  -> (artifact id: '3c1008d2555a8ed882c64a23c8338a29') in 0.026273 seconds
Number of updated asset objects reloaded before import = 0
Number of asset objects unloaded after import = 3
========================================================================
Received Import Request.
  Time since last request: 0.000014 seconds.
  path: Assets/Assets/Clean Vector Icons/T_2_+_.png
  artifactKey: Guid(c6b828ebf1d12ab448fc5b321c852c04) Importer(815301076,1909f56bfc062723c751e8b465ee728b)
Start importing Assets/Assets/Clean Vector Icons/T_2_+_.png using Guid(c6b828ebf1d12ab448fc5b321c852c04) Importer(815301076,1909f56bfc062723c751e8b465ee728b)  -> (artifact id: 'de613a9eb1304b775bf5ee8e95baa838') in 0.026356 seconds
Number of updated asset objects reloaded before import = 0
Number of asset objects unloaded after import = 3
========================================================================
Received Import Request.
  Time since last request: 0.000018 seconds.
  path: Assets/Assets/Clean Vector Icons/T_2_magnifier_+_al_.png
  artifactKey: Guid(37b9b8c550b05f044945caab59ea5946) Importer(815301076,1909f56bfc062723c751e8b465ee728b)
Start importing Assets/Assets/Clean Vector Icons/T_2_magnifier_+_al_.png using Guid(37b9b8c550b05f044945caab59ea5946) Importer(815301076,1909f56bfc062723c751e8b465ee728b)  -> (artifact id: '61ee8593f256eb08b6e735913984bd08') in 0.027254 seconds
Number of updated asset objects reloaded before import = 0
Number of asset objects unloaded after import = 3
========================================================================
Received Import Request.
  Time since last request: 0.000024 seconds.
  path: Assets/Assets/Clean Vector Icons/T_2_bottle_half_.png
  artifactKey: Guid(f816f63babfcb3e4d92c5cd9bb193149) Importer(815301076,1909f56bfc062723c751e8b465ee728b)
Start importing Assets/Assets/Clean Vector Icons/T_2_bottle_half_.png using Guid(f816f63babfcb3e4d92c5cd9bb193149) Importer(815301076,1909f56bfc062723c751e8b465ee728b)  -> (artifact id: 'e4e8ef02a870d39ce5c915524f926d17') in 0.027583 seconds
Number of updated asset objects reloaded before import = 0
Number of asset objects unloaded after import = 3
========================================================================
Received Import Request.
  Time since last request: 0.000016 seconds.
  path: Assets/Assets/Clean Vector Icons/T_3_head_wiking_.png
  artifactKey: Guid(ae7785f19cc193a4d9ab24c58d63be2e) Importer(815301076,1909f56bfc062723c751e8b465ee728b)
Start importing Assets/Assets/Clean Vector Icons/T_3_head_wiking_.png using Guid(ae7785f19cc193a4d9ab24c58d63be2e) Importer(815301076,1909f56bfc062723c751e8b465ee728b)  -> (artifact id: 'bf80ee710dfd04530758d6bc06484553') in 0.027009 seconds
Number of updated asset objects reloaded before import = 0
Number of asset objects unloaded after import = 3
========================================================================
Received Import Request.
  Time since last request: 0.000016 seconds.
  path: Assets/Assets/Clean Vector Icons/T_1_arrow_empty_up_.png
  artifactKey: Guid(c5c867e9976dc5d4a8803e01578752f5) Importer(815301076,1909f56bfc062723c751e8b465ee728b)
Start importing Assets/Assets/Clean Vector Icons/T_1_arrow_empty_up_.png using Guid(c5c867e9976dc5d4a8803e01578752f5) Importer(815301076,1909f56bfc062723c751e8b465ee728b)  -> (artifact id: '604c017209058076b43284f22fa02e0c') in 0.025614 seconds
Number of updated asset objects reloaded before import = 0
Number of asset objects unloaded after import = 3
========================================================================
Received Import Request.
  Time since last request: 0.000015 seconds.
  path: Assets/Assets/Clean Vector Icons/T_2_arrow_empty_down_.png
  artifactKey: Guid(85a96536cdeba7e46b4a254c6c705151) Importer(815301076,1909f56bfc062723c751e8b465ee728b)
Start importing Assets/Assets/Clean Vector Icons/T_2_arrow_empty_down_.png using Guid(85a96536cdeba7e46b4a254c6c705151) Importer(815301076,1909f56bfc062723c751e8b465ee728b)  -> (artifact id: '95290debdcac6fddfd1c587d8da5c7e9') in 0.026771 seconds
Number of updated asset objects reloaded before import = 0
Number of asset objects unloaded after import = 3
========================================================================
Received Import Request.
  Time since last request: 0.000015 seconds.
  path: Assets/Assets/Clean Vector Icons/T_1_fire_.png
  artifactKey: Guid(062eeb9d5e8ba8f45a9ddfea52518f82) Importer(815301076,1909f56bfc062723c751e8b465ee728b)
Start importing Assets/Assets/Clean Vector Icons/T_1_fire_.png using Guid(062eeb9d5e8ba8f45a9ddfea52518f82) Importer(815301076,1909f56bfc062723c751e8b465ee728b)  -> (artifact id: '87d332f12f78f7e5d302671f078e6e6a') in 0.028215 seconds
Number of updated asset objects reloaded before import = 0
Number of asset objects unloaded after import = 3
========================================================================
Received Import Request.
  Time since last request: 1.872756 seconds.
  path: Assets/Assets/Clean Vector Icons/T_3_shield_magic_.png
  artifactKey: Guid(b6795c96fef3b01439d1de6a75d33651) Importer(815301076,1909f56bfc062723c751e8b465ee728b)
Start importing Assets/Assets/Clean Vector Icons/T_3_shield_magic_.png using Guid(b6795c96fef3b01439d1de6a75d33651) Importer(815301076,1909f56bfc062723c751e8b465ee728b)  -> (artifact id: 'bdb9bf727d430681fc0f6d39bac92ff1') in 0.026570 seconds
Number of updated asset objects reloaded before import = 0
Number of asset objects unloaded after import = 3
========================================================================
Received Import Request.
  Time since last request: 0.000018 seconds.
  path: Assets/Assets/Clean Vector Icons/T_4_frost_.png
  artifactKey: Guid(c27014685dc9aee42800f1851d0d6e6d) Importer(815301076,1909f56bfc062723c751e8b465ee728b)
Start importing Assets/Assets/Clean Vector Icons/T_4_frost_.png using Guid(c27014685dc9aee42800f1851d0d6e6d) Importer(815301076,1909f56bfc062723c751e8b465ee728b)  -> (artifact id: 'fc97617fe682abbde0fc3ce4bbbd4d84') in 0.026007 seconds
Number of updated asset objects reloaded before import = 0
Number of asset objects unloaded after import = 3
========================================================================
Received Import Request.
  Time since last request: 0.000019 seconds.
  path: Assets/Assets/Clean Vector Icons/T_4_=_.png
  artifactKey: Guid(815a0f2c406c8284a98a80dff69ff8d8) Importer(815301076,1909f56bfc062723c751e8b465ee728b)
Start importing Assets/Assets/Clean Vector Icons/T_4_=_.png using Guid(815a0f2c406c8284a98a80dff69ff8d8) Importer(815301076,1909f56bfc062723c751e8b465ee728b)  -> (artifact id: '9d3edd6c8f9eb5155c0f2804971238a1') in 0.026624 seconds
Number of updated asset objects reloaded before import = 0
Number of asset objects unloaded after import = 3
========================================================================
Received Import Request.
  Time since last request: 0.000016 seconds.
  path: Assets/Assets/Clean Vector Icons/T_3_sword_cut_.png
  artifactKey: Guid(d605befd4bec61449b7a5c492aaf2361) Importer(815301076,1909f56bfc062723c751e8b465ee728b)
Start importing Assets/Assets/Clean Vector Icons/T_3_sword_cut_.png using Guid(d605befd4bec61449b7a5c492aaf2361) Importer(815301076,1909f56bfc062723c751e8b465ee728b)  -> (artifact id: '5d7e1d50ea5f3c2ccc0fa6924eeb9f28') in 0.030089 seconds
Number of updated asset objects reloaded before import = 0
Number of asset objects unloaded after import = 3
========================================================================
Received Import Request.
  Time since last request: 0.000019 seconds.
  path: Assets/Assets/Clean Vector Icons/T_4_coin_bag1_.png
  artifactKey: Guid(73b277da837c0874893f6123d5842ca0) Importer(815301076,1909f56bfc062723c751e8b465ee728b)
Start importing Assets/Assets/Clean Vector Icons/T_4_coin_bag1_.png using Guid(73b277da837c0874893f6123d5842ca0) Importer(815301076,1909f56bfc062723c751e8b465ee728b)  -> (artifact id: '74cd80998e26c8a1794eeb60957a5825') in 0.026758 seconds
Number of updated asset objects reloaded before import = 0
Number of asset objects unloaded after import = 3
========================================================================
Received Import Request.
  Time since last request: 0.000018 seconds.
  path: Assets/Assets/Clean Vector Icons/T_4_bottle_small_empty_.png
  artifactKey: Guid(9505d7d09d7f3704f9cd0ac449fb9ac1) Importer(815301076,1909f56bfc062723c751e8b465ee728b)
Start importing Assets/Assets/Clean Vector Icons/T_4_bottle_small_empty_.png using Guid(9505d7d09d7f3704f9cd0ac449fb9ac1) Importer(815301076,1909f56bfc062723c751e8b465ee728b)  -> (artifact id: '9ac6d6a3300eee66f0b069863b1091b0') in 0.028192 seconds
Number of updated asset objects reloaded before import = 0
Number of asset objects unloaded after import = 3
========================================================================
Received Import Request.
  Time since last request: 0.000020 seconds.
  path: Assets/Assets/Clean Vector Icons/T_4_shield_bezel_.png
  artifactKey: Guid(570018e27fa24c34091ab0bbdcff209b) Importer(815301076,1909f56bfc062723c751e8b465ee728b)
Start importing Assets/Assets/Clean Vector Icons/T_4_shield_bezel_.png using Guid(570018e27fa24c34091ab0bbdcff209b) Importer(815301076,1909f56bfc062723c751e8b465ee728b)  -> (artifact id: '2c5e064cedf8856afd284d1905c5cc75') in 0.028921 seconds
Number of updated asset objects reloaded before import = 0
Number of asset objects unloaded after import = 3
========================================================================
Received Import Request.
  Time since last request: 0.000030 seconds.
  path: Assets/Assets/Clean Vector Icons/T_5_head_rogure_.png
  artifactKey: Guid(06823b49a1fcd154da0942a436195adb) Importer(815301076,1909f56bfc062723c751e8b465ee728b)
Start importing Assets/Assets/Clean Vector Icons/T_5_head_rogure_.png using Guid(06823b49a1fcd154da0942a436195adb) Importer(815301076,1909f56bfc062723c751e8b465ee728b)  -> (artifact id: '4b4406129579cad7ad09ac038c5f416f') in 0.029570 seconds
Number of updated asset objects reloaded before import = 0
Number of asset objects unloaded after import = 3
========================================================================
Received Import Request.
  Time since last request: 0.000016 seconds.
  path: Assets/Assets/Clean Vector Icons/T_6_cloud_.png
  artifactKey: Guid(6de84b3b23aed7c44bbf4fa283ffb05e) Importer(815301076,1909f56bfc062723c751e8b465ee728b)
Start importing Assets/Assets/Clean Vector Icons/T_6_cloud_.png using Guid(6de84b3b23aed7c44bbf4fa283ffb05e) Importer(815301076,1909f56bfc062723c751e8b465ee728b)  -> (artifact id: 'eb7c299b9473da92ff2e6ad78b522755') in 0.028964 seconds
Number of updated asset objects reloaded before import = 0
Number of asset objects unloaded after import = 3
========================================================================
Received Import Request.
  Time since last request: 0.000015 seconds.
  path: Assets/Assets/Clean Vector Icons/T_4_sword_saw_.png
  artifactKey: Guid(d54a9728519c5d54bbe09aff5bd95284) Importer(815301076,1909f56bfc062723c751e8b465ee728b)
Start importing Assets/Assets/Clean Vector Icons/T_4_sword_saw_.png using Guid(d54a9728519c5d54bbe09aff5bd95284) Importer(815301076,1909f56bfc062723c751e8b465ee728b)  -> (artifact id: '00154b2c7334056b7b8c37fcdfd3a083') in 0.026845 seconds
Number of updated asset objects reloaded before import = 0
Number of asset objects unloaded after import = 3
========================================================================
Received Import Request.
  Time since last request: 0.000017 seconds.
  path: Assets/Assets/Clean Vector Icons/T_8_cloud_up_.png
  artifactKey: Guid(238db121647eec74dad1ce3e44168059) Importer(815301076,1909f56bfc062723c751e8b465ee728b)
Start importing Assets/Assets/Clean Vector Icons/T_8_cloud_up_.png using Guid(238db121647eec74dad1ce3e44168059) Importer(815301076,1909f56bfc062723c751e8b465ee728b)  -> (artifact id: '6630f76ae44cf765971c90d00d3ecd87') in 0.026020 seconds
Number of updated asset objects reloaded before import = 0
Number of asset objects unloaded after import = 3
========================================================================
Received Import Request.
  Time since last request: 0.000017 seconds.
  path: Assets/Assets/Clean Vector Icons/T_8_bottle_magic_.png
  artifactKey: Guid(d3590afc6b555c44d8fcd6c5241012ab) Importer(815301076,1909f56bfc062723c751e8b465ee728b)
Start importing Assets/Assets/Clean Vector Icons/T_8_bottle_magic_.png using Guid(d3590afc6b555c44d8fcd6c5241012ab) Importer(815301076,1909f56bfc062723c751e8b465ee728b)  -> (artifact id: '5051962c383cf71afda40c15efd7f545') in 0.026740 seconds
Number of updated asset objects reloaded before import = 0
Number of asset objects unloaded after import = 3
========================================================================
Received Import Request.
  Time since last request: 0.000018 seconds.
  path: Assets/Assets/Clean Vector Icons/T_9_cursor_eye_al_.png
  artifactKey: Guid(849a2438d5e563a4daf827e412d69f46) Importer(815301076,1909f56bfc062723c751e8b465ee728b)
Start importing Assets/Assets/Clean Vector Icons/T_9_cursor_eye_al_.png using Guid(849a2438d5e563a4daf827e412d69f46) Importer(815301076,1909f56bfc062723c751e8b465ee728b)  -> (artifact id: '11b93e4561d8a78faa95759b992a246a') in 0.026543 seconds
Number of updated asset objects reloaded before import = 0
Number of asset objects unloaded after import = 3
========================================================================
Received Import Request.
  Time since last request: 0.000021 seconds.
  path: Assets/Assets/Clean Vector Icons/T_8_cursor_heart_al_.png
  artifactKey: Guid(8a683839c9f315c40a5614bea92d3237) Importer(815301076,1909f56bfc062723c751e8b465ee728b)
Start importing Assets/Assets/Clean Vector Icons/T_8_cursor_heart_al_.png using Guid(8a683839c9f315c40a5614bea92d3237) Importer(815301076,1909f56bfc062723c751e8b465ee728b)  -> (artifact id: '2401fec4d54d6d605011602a14f52f8c') in 0.025311 seconds
Number of updated asset objects reloaded before import = 0
Number of asset objects unloaded after import = 3
========================================================================
Received Import Request.
  Time since last request: 0.000020 seconds.
  path: Assets/Assets/Clean Vector Icons/T_8_pause_.png
  artifactKey: Guid(a1bda28f797f71c4db09f6a0d4af4759) Importer(815301076,1909f56bfc062723c751e8b465ee728b)
Start importing Assets/Assets/Clean Vector Icons/T_8_pause_.png using Guid(a1bda28f797f71c4db09f6a0d4af4759) Importer(815301076,1909f56bfc062723c751e8b465ee728b)  -> (artifact id: '9dfea22e6f70c59488b1c2f2d5be27f9') in 0.024858 seconds
Number of updated asset objects reloaded before import = 0
Number of asset objects unloaded after import = 3
========================================================================
Received Import Request.
  Time since last request: 0.000014 seconds.
  path: Assets/Assets/Clean Vector Icons/T_7_cloud&sun_.png
  artifactKey: Guid(f0660b05fbd6535418bc2b4696033130) Importer(815301076,1909f56bfc062723c751e8b465ee728b)
Start importing Assets/Assets/Clean Vector Icons/T_7_cloud&sun_.png using Guid(f0660b05fbd6535418bc2b4696033130) Importer(815301076,1909f56bfc062723c751e8b465ee728b)  -> (artifact id: '15014cfc9113f39c6b4d6790c7a81c8d') in 0.024598 seconds
Number of updated asset objects reloaded before import = 0
Number of asset objects unloaded after import = 3
========================================================================
Received Import Request.
  Time since last request: 0.000016 seconds.
  path: Assets/Assets/Clean Vector Icons/T_6_head_king_.png
  artifactKey: Guid(01f37c4d7431f454297eadac8750d509) Importer(815301076,1909f56bfc062723c751e8b465ee728b)
Start importing Assets/Assets/Clean Vector Icons/T_6_head_king_.png using Guid(01f37c4d7431f454297eadac8750d509) Importer(815301076,1909f56bfc062723c751e8b465ee728b)  -> (artifact id: '1af6ceafe2e9a5faf66370b975bd40cc') in 0.026480 seconds
Number of updated asset objects reloaded before import = 0
Number of asset objects unloaded after import = 3
========================================================================
Received Import Request.
  Time since last request: 0.000014 seconds.
  path: Assets/Assets/Clean Vector Icons/T_7_plant1_.png
  artifactKey: Guid(cc08ccd1cf04a3d43b8d437d087cfc02) Importer(815301076,1909f56bfc062723c751e8b465ee728b)
Start importing Assets/Assets/Clean Vector Icons/T_7_plant1_.png using Guid(cc08ccd1cf04a3d43b8d437d087cfc02) Importer(815301076,1909f56bfc062723c751e8b465ee728b)  -> (artifact id: 'ba99ab0a99a842ec2bc1185b7ebd60e1') in 0.026004 seconds
Number of updated asset objects reloaded before import = 0
Number of asset objects unloaded after import = 3
========================================================================
Received Import Request.
  Time since last request: 0.000013 seconds.
  path: Assets/Assets/Clean Vector Icons/T_5_cursor_x_al_.png
  artifactKey: Guid(8bf839021e420dd459a61f9c1c0354f7) Importer(815301076,1909f56bfc062723c751e8b465ee728b)
Start importing Assets/Assets/Clean Vector Icons/T_5_cursor_x_al_.png using Guid(8bf839021e420dd459a61f9c1c0354f7) Importer(815301076,1909f56bfc062723c751e8b465ee728b)  -> (artifact id: '2267a58ca4c2f492988a9cd5390597e3') in 0.026208 seconds
Number of updated asset objects reloaded before import = 0
Number of asset objects unloaded after import = 3
========================================================================
Received Import Request.
  Time since last request: 0.000017 seconds.
  path: Assets/Assets/Clean Vector Icons/T_10_silhouette_-_.png
  artifactKey: Guid(d31cd83b42bb4ca4cabe4cddecc06c4d) Importer(815301076,1909f56bfc062723c751e8b465ee728b)
Start importing Assets/Assets/Clean Vector Icons/T_10_silhouette_-_.png using Guid(d31cd83b42bb4ca4cabe4cddecc06c4d) Importer(815301076,1909f56bfc062723c751e8b465ee728b)  -> (artifact id: 'ca042795fa697813970f5096bb81596e') in 0.025185 seconds
Number of updated asset objects reloaded before import = 0
Number of asset objects unloaded after import = 3
========================================================================
Received Import Request.
  Time since last request: 0.000018 seconds.
  path: Assets/Assets/Clean Vector Icons/T_8_arrow_right_.png
  artifactKey: Guid(90bd95b9cd8e8f44ebb15453b5fa16cb) Importer(815301076,1909f56bfc062723c751e8b465ee728b)
Start importing Assets/Assets/Clean Vector Icons/T_8_arrow_right_.png using Guid(90bd95b9cd8e8f44ebb15453b5fa16cb) Importer(815301076,1909f56bfc062723c751e8b465ee728b)  -> (artifact id: '47fa1c2586446f569b22b1efc955428a') in 0.026775 seconds
Number of updated asset objects reloaded before import = 0
Number of asset objects unloaded after import = 3
========================================================================
Received Import Request.
  Time since last request: 0.000016 seconds.
  path: Assets/Assets/Clean Vector Icons/T_11_cursor_star_al_.png
  artifactKey: Guid(fd412bdeb18902443bbb05cc2ec604e4) Importer(815301076,1909f56bfc062723c751e8b465ee728b)
Start importing Assets/Assets/Clean Vector Icons/T_11_cursor_star_al_.png using Guid(fd412bdeb18902443bbb05cc2ec604e4) Importer(815301076,1909f56bfc062723c751e8b465ee728b)  -> (artifact id: 'c4914f6fb1badcd862a9690bb8dc1890') in 0.025500 seconds
Number of updated asset objects reloaded before import = 0
Number of asset objects unloaded after import = 3
========================================================================
Received Import Request.
  Time since last request: 0.000027 seconds.
  path: Assets/Assets/Clean Vector Icons/T_11_home_.png
  artifactKey: Guid(825217937f322d7478e479dbe4637748) Importer(815301076,1909f56bfc062723c751e8b465ee728b)
Start importing Assets/Assets/Clean Vector Icons/T_11_home_.png using Guid(825217937f322d7478e479dbe4637748) Importer(815301076,1909f56bfc062723c751e8b465ee728b)  -> (artifact id: '6790540b41c4d86ec8aaf497f8afac3b') in 0.025729 seconds
Number of updated asset objects reloaded before import = 0
Number of asset objects unloaded after import = 3
========================================================================
Received Import Request.
  Time since last request: 0.000048 seconds.
  path: Assets/Assets/Clean Vector Icons/T_6_scroll_eye_.png
  artifactKey: Guid(99804c36b51fc9c4f8fe30baab62dd4b) Importer(815301076,1909f56bfc062723c751e8b465ee728b)
Start importing Assets/Assets/Clean Vector Icons/T_6_scroll_eye_.png using Guid(99804c36b51fc9c4f8fe30baab62dd4b) Importer(815301076,1909f56bfc062723c751e8b465ee728b)  -> (artifact id: 'bf23c938c1760b1627e47fb4ebe6db24') in 0.025200 seconds
Number of updated asset objects reloaded before import = 0
Number of asset objects unloaded after import = 3
========================================================================
Received Import Request.
  Time since last request: 0.000015 seconds.
  path: Assets/Assets/Clean Vector Icons/T_10_flag_destroyed_.png
  artifactKey: Guid(2f5ddc8f7d908a24eba2215be6500082) Importer(815301076,1909f56bfc062723c751e8b465ee728b)
Start importing Assets/Assets/Clean Vector Icons/T_10_flag_destroyed_.png using Guid(2f5ddc8f7d908a24eba2215be6500082) Importer(815301076,1909f56bfc062723c751e8b465ee728b)  -> (artifact id: 'eb0ed4338985d510e42e42e5fc3993ef') in 0.027267 seconds
Number of updated asset objects reloaded before import = 0
Number of asset objects unloaded after import = 3
========================================================================
Received Import Request.
  Time since last request: 0.000016 seconds.
  path: Assets/Assets/Clean Vector Icons/T_11_no_.png
  artifactKey: Guid(4d2a4136ebef6f041b43fdca42412caa) Importer(815301076,1909f56bfc062723c751e8b465ee728b)
Start importing Assets/Assets/Clean Vector Icons/T_11_no_.png using Guid(4d2a4136ebef6f041b43fdca42412caa) Importer(815301076,1909f56bfc062723c751e8b465ee728b)  -> (artifact id: 'bef3a324ab1bd518acd98ac59b27d5f5') in 0.025994 seconds
Number of updated asset objects reloaded before import = 0
Number of asset objects unloaded after import = 3
========================================================================
Received Import Request.
  Time since last request: 0.000016 seconds.
  path: Assets/Assets/Clean Vector Icons/T_4_eye_bleed_.png
  artifactKey: Guid(33a6203d7c3a9244ba0e334f4fe0ac3a) Importer(815301076,1909f56bfc062723c751e8b465ee728b)
Start importing Assets/Assets/Clean Vector Icons/T_4_eye_bleed_.png using Guid(33a6203d7c3a9244ba0e334f4fe0ac3a) Importer(815301076,1909f56bfc062723c751e8b465ee728b)  -> (artifact id: '05fd9cb8425704c6cc25df24d4b2a98e') in 0.025719 seconds
Number of updated asset objects reloaded before import = 0
Number of asset objects unloaded after import = 3
========================================================================
Received Import Request.
  Time since last request: 0.000016 seconds.
  path: Assets/Assets/Clean Vector Icons/T_10_cursor_!_al_.png
  artifactKey: Guid(8589811d8f6629443ad2c9be7e027110) Importer(815301076,1909f56bfc062723c751e8b465ee728b)
Start importing Assets/Assets/Clean Vector Icons/T_10_cursor_!_al_.png using Guid(8589811d8f6629443ad2c9be7e027110) Importer(815301076,1909f56bfc062723c751e8b465ee728b)  -> (artifact id: '0e43a614cc4241a4746ac12dc731f30e') in 0.027151 seconds
Number of updated asset objects reloaded before import = 0
Number of asset objects unloaded after import = 3
========================================================================
Received Import Request.
  Time since last request: 0.000014 seconds.
  path: Assets/Assets/Clean Vector Icons/T_10_arrow_rounded_down_.png
  artifactKey: Guid(40bc671eec4518e4493b412f42d18029) Importer(815301076,1909f56bfc062723c751e8b465ee728b)
Start importing Assets/Assets/Clean Vector Icons/T_10_arrow_rounded_down_.png using Guid(40bc671eec4518e4493b412f42d18029) Importer(815301076,1909f56bfc062723c751e8b465ee728b)  -> (artifact id: '1314b22dcb767421c816a2322d039217') in 0.025128 seconds
Number of updated asset objects reloaded before import = 0
Number of asset objects unloaded after import = 3
========================================================================
Received Import Request.
  Time since last request: 0.000019 seconds.
  path: Assets/Assets/Clean Vector Icons/T_9_next_.png
  artifactKey: Guid(6707ba99377107d46a8f396f7aa37bd9) Importer(815301076,1909f56bfc062723c751e8b465ee728b)
Start importing Assets/Assets/Clean Vector Icons/T_9_next_.png using Guid(6707ba99377107d46a8f396f7aa37bd9) Importer(815301076,1909f56bfc062723c751e8b465ee728b)  -> (artifact id: '49ea6645ddd5c38ecd3cc85c2583fc5d') in 0.026937 seconds
Number of updated asset objects reloaded before import = 0
Number of asset objects unloaded after import = 3
========================================================================
Received Import Request.
  Time since last request: 0.000022 seconds.
  path: Assets/Assets/Clean Vector Icons/T_9_arrow_rounded_up_.png
  artifactKey: Guid(5ed54572ef0354241b7f1ec43d869ad3) Importer(815301076,1909f56bfc062723c751e8b465ee728b)
Start importing Assets/Assets/Clean Vector Icons/T_9_arrow_rounded_up_.png using Guid(5ed54572ef0354241b7f1ec43d869ad3) Importer(815301076,1909f56bfc062723c751e8b465ee728b)  -> (artifact id: 'ec7a7b4af320647904f3a3246fa09e80') in 0.028953 seconds
Number of updated asset objects reloaded before import = 0
Number of asset objects unloaded after import = 3
========================================================================
Received Import Request.
  Time since last request: 0.000020 seconds.
  path: Assets/Assets/Clean Vector Icons/T_5_sword_.png
  artifactKey: Guid(a59d6029d282ea148bf57966b0c2401e) Importer(815301076,1909f56bfc062723c751e8b465ee728b)
Start importing Assets/Assets/Clean Vector Icons/T_5_sword_.png using Guid(a59d6029d282ea148bf57966b0c2401e) Importer(815301076,1909f56bfc062723c751e8b465ee728b)  -> (artifact id: '9b2e52d8632c24a7e17545314f06c7cd') in 0.027053 seconds
Number of updated asset objects reloaded before import = 0
Number of asset objects unloaded after import = 3
========================================================================
Received Import Request.
  Time since last request: 0.000015 seconds.
  path: Assets/Assets/Clean Vector Icons/T_7_arrow_left_.png
  artifactKey: Guid(974fd4633f76fe24b854d48b461656a1) Importer(815301076,1909f56bfc062723c751e8b465ee728b)
Start importing Assets/Assets/Clean Vector Icons/T_7_arrow_left_.png using Guid(974fd4633f76fe24b854d48b461656a1) Importer(815301076,1909f56bfc062723c751e8b465ee728b)  -> (artifact id: 'fa03344cd3cb6e3b40cdab3d68201829') in 0.027474 seconds
Number of updated asset objects reloaded before import = 0
Number of asset objects unloaded after import = 3
========================================================================
Received Import Request.
  Time since last request: 0.000015 seconds.
  path: Assets/Assets/Clean Vector Icons/T_5_magnifier_eye_crossed_al_.png
  artifactKey: Guid(bfa7019f88769204c904dbd91fb996f3) Importer(815301076,1909f56bfc062723c751e8b465ee728b)
Start importing Assets/Assets/Clean Vector Icons/T_5_magnifier_eye_crossed_al_.png using Guid(bfa7019f88769204c904dbd91fb996f3) Importer(815301076,1909f56bfc062723c751e8b465ee728b)  -> (artifact id: '637357801250fad1d7164eaa627261ed') in 0.028807 seconds
Number of updated asset objects reloaded before import = 0
Number of asset objects unloaded after import = 3
========================================================================
Received Import Request.
  Time since last request: 0.000057 seconds.
  path: Assets/Assets/Clean Vector Icons/T_4_scroll_+_.png
  artifactKey: Guid(99f13d49cb3a1e24cbf97075d80ae0cb) Importer(815301076,1909f56bfc062723c751e8b465ee728b)
Start importing Assets/Assets/Clean Vector Icons/T_4_scroll_+_.png using Guid(99f13d49cb3a1e24cbf97075d80ae0cb) Importer(815301076,1909f56bfc062723c751e8b465ee728b)  -> (artifact id: 'b17435e0f5fb8c3e32b1b58272672541') in 0.026523 seconds
Number of updated asset objects reloaded before import = 0
Number of asset objects unloaded after import = 3
========================================================================
Received Import Request.
  Time since last request: 0.000014 seconds.
  path: Assets/Assets/Clean Vector Icons/T_5_coin_bag2_.png
  artifactKey: Guid(95ffc4f28f629d045b5a5ded06e879fd) Importer(815301076,1909f56bfc062723c751e8b465ee728b)
Start importing Assets/Assets/Clean Vector Icons/T_5_coin_bag2_.png using Guid(95ffc4f28f629d045b5a5ded06e879fd) Importer(815301076,1909f56bfc062723c751e8b465ee728b)  -> (artifact id: 'cebfe0d7946fe6e9162899e6cfc75a19') in 0.026104 seconds
Number of updated asset objects reloaded before import = 0
Number of asset objects unloaded after import = 3
========================================================================
Received Import Request.
  Time since last request: 0.000016 seconds.
  path: Assets/Assets/Clean Vector Icons/T_5_magnifier_eye_crossed_.png
  artifactKey: Guid(aedbd15ce275f33479defa6cc11f2ab9) Importer(815301076,1909f56bfc062723c751e8b465ee728b)
Start importing Assets/Assets/Clean Vector Icons/T_5_magnifier_eye_crossed_.png using Guid(aedbd15ce275f33479defa6cc11f2ab9) Importer(815301076,1909f56bfc062723c751e8b465ee728b)  -> (artifact id: '71eac5aea2203aef18e20a715decef5e') in 0.030304 seconds
Number of updated asset objects reloaded before import = 0
Number of asset objects unloaded after import = 3
========================================================================
Received Import Request.
  Time since last request: 0.000022 seconds.
  path: Assets/Assets/Clean Vector Icons/T_9_plant3_.png
  artifactKey: Guid(e6d90fea7c6f7be4fb361575b0b18ab6) Importer(815301076,1909f56bfc062723c751e8b465ee728b)
Start importing Assets/Assets/Clean Vector Icons/T_9_plant3_.png using Guid(e6d90fea7c6f7be4fb361575b0b18ab6) Importer(815301076,1909f56bfc062723c751e8b465ee728b)  -> (artifact id: '083fe28c87d5280f3142dbd3278d79d8') in 0.028688 seconds
Number of updated asset objects reloaded before import = 0
Number of asset objects unloaded after import = 3
========================================================================
Received Import Request.
  Time since last request: 0.000035 seconds.
  path: Assets/Assets/Clean Vector Icons/T_8_tab_.png
  artifactKey: Guid(64df4b6d7138b2c489e0b9a444cfa521) Importer(815301076,1909f56bfc062723c751e8b465ee728b)
Start importing Assets/Assets/Clean Vector Icons/T_8_tab_.png using Guid(64df4b6d7138b2c489e0b9a444cfa521) Importer(815301076,1909f56bfc062723c751e8b465ee728b)  -> (artifact id: '03bcddc07acb51289e82c6dc3fb8cf69') in 0.025728 seconds
Number of updated asset objects reloaded before import = 0
Number of asset objects unloaded after import = 3
========================================================================
Received Import Request.
  Time since last request: 0.000015 seconds.
  path: Assets/Assets/Clean Vector Icons/T_7_question_.png
  artifactKey: Guid(cca9ca156bf61e445b872555e11ba23e) Importer(815301076,1909f56bfc062723c751e8b465ee728b)
Start importing Assets/Assets/Clean Vector Icons/T_7_question_.png using Guid(cca9ca156bf61e445b872555e11ba23e) Importer(815301076,1909f56bfc062723c751e8b465ee728b)  -> (artifact id: '13d9d11d747c582fd9d77d57425e9e9c') in 0.027154 seconds
Number of updated asset objects reloaded before import = 0
Number of asset objects unloaded after import = 3
========================================================================
Received Import Request.
  Time since last request: 0.000017 seconds.
  path: Assets/Assets/Clean Vector Icons/T_7_cursor_question_al_.png
  artifactKey: Guid(0781e066f75aaa94095583eafdec5d8f) Importer(815301076,1909f56bfc062723c751e8b465ee728b)
Start importing Assets/Assets/Clean Vector Icons/T_7_cursor_question_al_.png using Guid(0781e066f75aaa94095583eafdec5d8f) Importer(815301076,1909f56bfc062723c751e8b465ee728b)  -> (artifact id: '4382c460ba76264313308fa1131c3922') in 0.028436 seconds
Number of updated asset objects reloaded before import = 0
Number of asset objects unloaded after import = 3
========================================================================
Received Import Request.
  Time since last request: 0.000015 seconds.
  path: Assets/Assets/Clean Vector Icons/T_8_plant2_.png
  artifactKey: Guid(434b9ec91260129489414ae404c6e3fc) Importer(815301076,1909f56bfc062723c751e8b465ee728b)
Start importing Assets/Assets/Clean Vector Icons/T_8_plant2_.png using Guid(434b9ec91260129489414ae404c6e3fc) Importer(815301076,1909f56bfc062723c751e8b465ee728b)  -> (artifact id: '1d6a9b2f80cfb23bac5b43da9a296576') in 0.026985 seconds
Number of updated asset objects reloaded before import = 0
Number of asset objects unloaded after import = 3
========================================================================
Received Import Request.
  Time since last request: 0.000017 seconds.
  path: Assets/Assets/Clean Vector Icons/T_4_letter_+_.png
  artifactKey: Guid(514abb40e3c586648974a711b1a6ad3d) Importer(815301076,1909f56bfc062723c751e8b465ee728b)
Start importing Assets/Assets/Clean Vector Icons/T_4_letter_+_.png using Guid(514abb40e3c586648974a711b1a6ad3d) Importer(815301076,1909f56bfc062723c751e8b465ee728b)  -> (artifact id: 'b14f30cb01ec3d5a1ca678cdac5848ac') in 0.028126 seconds
Number of updated asset objects reloaded before import = 0
Number of asset objects unloaded after import = 3
========================================================================
Received Import Request.
  Time since last request: 0.000015 seconds.
  path: Assets/Assets/Clean Vector Icons/T_6_devide_.png
  artifactKey: Guid(071a5d518c1fc4841838c36485123b3b) Importer(815301076,1909f56bfc062723c751e8b465ee728b)
Start importing Assets/Assets/Clean Vector Icons/T_6_devide_.png using Guid(071a5d518c1fc4841838c36485123b3b) Importer(815301076,1909f56bfc062723c751e8b465ee728b)  -> (artifact id: 'dfee1fd0e30f8e2d23591f88f96d4298') in 0.029283 seconds
Number of updated asset objects reloaded before import = 0
Number of asset objects unloaded after import = 3
========================================================================
Received Import Request.
  Time since last request: 0.000019 seconds.
  path: Assets/Assets/Clean Vector Icons/T_7_waraxe_.png
  artifactKey: Guid(2820b2e4880bb924da42e15982d02033) Importer(815301076,1909f56bfc062723c751e8b465ee728b)
Start importing Assets/Assets/Clean Vector Icons/T_7_waraxe_.png using Guid(2820b2e4880bb924da42e15982d02033) Importer(815301076,1909f56bfc062723c751e8b465ee728b)  -> (artifact id: '431d5a6e7974bc6f74c4034c5ac9d047') in 0.027500 seconds
Number of updated asset objects reloaded before import = 0
Number of asset objects unloaded after import = 3
========================================================================
Received Import Request.
  Time since last request: 0.876069 seconds.
  path: Assets/Assets/Clean Vector Icons/Update/bonus_02.png
  artifactKey: Guid(7c164a8ab621d5b4cbfdafbb24034032) Importer(815301076,1909f56bfc062723c751e8b465ee728b)
Start importing Assets/Assets/Clean Vector Icons/Update/bonus_02.png using Guid(7c164a8ab621d5b4cbfdafbb24034032) Importer(815301076,1909f56bfc062723c751e8b465ee728b)  -> (artifact id: 'cd8d50be74a50faeea121d7b1671e912') in 0.027398 seconds
Number of updated asset objects reloaded before import = 0
Number of asset objects unloaded after import = 3
========================================================================
Received Import Request.
  Time since last request: 0.000019 seconds.
  path: Assets/Assets/Clean Vector Icons/Update/bonus_03.png
  artifactKey: Guid(8313108d2f2f39c49a04679f5f2da2a5) Importer(815301076,1909f56bfc062723c751e8b465ee728b)
Start importing Assets/Assets/Clean Vector Icons/Update/bonus_03.png using Guid(8313108d2f2f39c49a04679f5f2da2a5) Importer(815301076,1909f56bfc062723c751e8b465ee728b)  -> (artifact id: '4e95008741776c49592882fa29b637e8') in 0.027106 seconds
Number of updated asset objects reloaded before import = 0
Number of asset objects unloaded after import = 3
========================================================================
Received Import Request.
  Time since last request: 0.000017 seconds.
  path: Assets/Assets/Clean Vector Icons/Update/bonus_06.png
  artifactKey: Guid(0f3ba1ed6373fec4bbd0490fb756f318) Importer(815301076,1909f56bfc062723c751e8b465ee728b)
Start importing Assets/Assets/Clean Vector Icons/Update/bonus_06.png using Guid(0f3ba1ed6373fec4bbd0490fb756f318) Importer(815301076,1909f56bfc062723c751e8b465ee728b)  -> (artifact id: '120d5e88384669c748a147410f271d90') in 0.027290 seconds
Number of updated asset objects reloaded before import = 0
Number of asset objects unloaded after import = 3
========================================================================
Received Import Request.
  Time since last request: 0.000021 seconds.
  path: Assets/Assets/Clean Vector Icons/Update/Bonus_Handshake.png
  artifactKey: Guid(e0561f0590eb6e84385f767634ca2fb0) Importer(815301076,1909f56bfc062723c751e8b465ee728b)
Start importing Assets/Assets/Clean Vector Icons/Update/Bonus_Handshake.png using Guid(e0561f0590eb6e84385f767634ca2fb0) Importer(815301076,1909f56bfc062723c751e8b465ee728b)  -> (artifact id: '6b33751b39025d23fda939eb611b33fd') in 0.027458 seconds
Number of updated asset objects reloaded before import = 0
Number of asset objects unloaded after import = 3
========================================================================
Received Import Request.
  Time since last request: 0.000017 seconds.
  path: Assets/Assets/Clean Vector Icons/Update/Bonus_coughing.png
  artifactKey: Guid(c735c2fbfeffe4e45ac4bec63c724cfe) Importer(815301076,1909f56bfc062723c751e8b465ee728b)
Start importing Assets/Assets/Clean Vector Icons/Update/Bonus_coughing.png using Guid(c735c2fbfeffe4e45ac4bec63c724cfe) Importer(815301076,1909f56bfc062723c751e8b465ee728b)  -> (artifact id: '854551d4e719001d33def165248abf17') in 0.025674 seconds
Number of updated asset objects reloaded before import = 0
Number of asset objects unloaded after import = 3
========================================================================
Received Import Request.
  Time since last request: 0.000018 seconds.
  path: Assets/Assets/Clean Vector Icons/Update/Bonus_Sad.png
  artifactKey: Guid(f4564a0502fffb04e8e1a38d85c6fb34) Importer(815301076,1909f56bfc062723c751e8b465ee728b)
Start importing Assets/Assets/Clean Vector Icons/Update/Bonus_Sad.png using Guid(f4564a0502fffb04e8e1a38d85c6fb34) Importer(815301076,1909f56bfc062723c751e8b465ee728b)  -> (artifact id: '0a1dbaf47f9f4cce58e48905584cdfc3') in 0.026784 seconds
Number of updated asset objects reloaded before import = 0
Number of asset objects unloaded after import = 3
========================================================================
Received Import Request.
  Time since last request: 0.000026 seconds.
  path: Assets/Assets/Clean Vector Icons/Update/Bonus_PokerFace.png
  artifactKey: Guid(037da781f89f23f4b8f3702a4b2d4ce0) Importer(815301076,1909f56bfc062723c751e8b465ee728b)
Start importing Assets/Assets/Clean Vector Icons/Update/Bonus_PokerFace.png using Guid(037da781f89f23f4b8f3702a4b2d4ce0) Importer(815301076,1909f56bfc062723c751e8b465ee728b)  -> (artifact id: '3763799364278867c99f959e34c2bed1') in 0.025754 seconds
Number of updated asset objects reloaded before import = 0
Number of asset objects unloaded after import = 3
========================================================================
Received Import Request.
  Time since last request: 0.000015 seconds.
  path: Assets/Assets/Clean Vector Icons/Update/bonus_04.png
  artifactKey: Guid(ef147e2665db3394ab8f3c2ade98cbf5) Importer(815301076,1909f56bfc062723c751e8b465ee728b)
Start importing Assets/Assets/Clean Vector Icons/Update/bonus_04.png using Guid(ef147e2665db3394ab8f3c2ade98cbf5) Importer(815301076,1909f56bfc062723c751e8b465ee728b)  -> (artifact id: 'bf8320f574aecea151e9ff79c2773043') in 0.024987 seconds
Number of updated asset objects reloaded before import = 0
Number of asset objects unloaded after import = 3
========================================================================
Received Prepare
Begin MonoManager ReloadAssembly
- Loaded All Assemblies, in  0.576 seconds
Refreshing native plugins compatible for Editor in 5.99 ms, found 3 plugins.
Native extension for WindowsStandalone target not found
[Package Manager] Server::EnsureServerProcessIsRunning -- launch failed, reason: Unity was launched with the -noUpm command-line argument
[Package Manager] UpmClient::Send -- Unable to send message (not connected to UPM process).
[Package Manager] Cannot connect to Unity Package Manager local server
Mono: successfully reloaded assembly
- Finished resetting the current domain, in  2.230 seconds
Domain Reload Profiling: 2800ms
	BeginReloadAssembly (172ms)
		ExecutionOrderSort (0ms)
		DisableScriptedObjects (4ms)
		BackupInstance (0ms)
		ReleaseScriptingObjects (0ms)
		CreateAndSetChildDomain (43ms)
	RebuildCommonClasses (33ms)
	RebuildNativeTypeToScriptingClass (11ms)
	initialDomainReloadingComplete (35ms)
	LoadAllAssembliesAndSetupDomain (319ms)
		LoadAssemblies (388ms)
		RebuildTransferFunctionScriptingTraits (0ms)
		AnalyzeDomain (19ms)
			TypeCache.Refresh (7ms)
				TypeCache.ScanAssembly (0ms)
			ScanForSourceGeneratedMonoScriptInfo (0ms)
			ResolveRequiredComponents (10ms)
	FinalizeReload (2231ms)
		ReleaseScriptCaches (0ms)
		RebuildScriptCaches (0ms)
		SetupLoadedEditorAssemblies (611ms)
			LogAssemblyErrors (0ms)
			InitializePlatformSupportModulesInManaged (7ms)
			SetLoadedEditorAssemblies (3ms)
			RefreshPlugins (0ms)
			BeforeProcessingInitializeOnLoad (96ms)
			ProcessInitializeOnLoadAttributes (427ms)
			ProcessInitializeOnLoadMethodAttributes (66ms)
			AfterProcessingInitializeOnLoad (11ms)
			EditorAssembliesLoaded (0ms)
		ExecutionOrderSort2 (0ms)
		AwakeInstancesAfterBackupRestoration (7ms)
Refreshing native plugins compatible for Editor in 6.63 ms, found 3 plugins.
Preloading 0 native plugins for Editor in 0.00 ms.
Unloading 5796 Unused Serialized files (Serialized files now loaded: 0)
Unloading 60 unused Assets / (2.0 MB). Loaded Objects now: 6430.
Memory consumption went from 222.2 MB to 220.2 MB.
Total: 5.457000 ms (FindLiveObjects: 0.673500 ms CreateObjectMapping: 0.186200 ms MarkObjects: 3.805900 ms  DeleteObjects: 0.789700 ms)

Prepare: number of updated asset objects reloaded= 0
AssetImportParameters requested are different than current active one (requested -> active):
  custom:container-demuxer-ogg: 62fdf1f143b41e24485cea50d1cbac27 -> 
  custom:video-decoder-ogg-theora: a1e56fd34408186e4bbccfd4996cb3dc -> 
  custom:framework-win-MediaFoundation: 216162199b28c13a410421893ffa2e32 -> 
  custom:CustomObjectIndexerAttribute: d54d2f2da18e7612c182cf67624b6b12 -> 
  custom:container-demuxer-webm: 4f35f7cbe854078d1ac9338744f61a02 -> 
  custom:container-muxer-webm: aa71ff27fc2769a1b78a27578f13a17b -> 
  custom:video-decoder-webm-vp8: 9c59270c3fd7afecdb556c50c9e8de78 -> 
  custom:SearchIndexIgnoredProperties: e643bd26f0fe6173181afceb89e7c659 -> 
  custom:AudioImporter_EditorPlatform: d09bf68614088b80899f8185d706f6e7 -> 
  custom:video-encoder-webm-vp8: eb34c28f22e8b96e1ab97ce403110664 -> 
  custom:audio-decoder-ogg-vorbis: bf7c407c2cedff20999df2af8eb42d56 -> 
  custom:audio-encoder-webm-vorbis: bf7c407c2cedff20999df2af8eb42d56 -> 
========================================================================
Received Prepare
Begin MonoManager ReloadAssembly
- Loaded All Assemblies, in  0.784 seconds
Refreshing native plugins compatible for Editor in 5.24 ms, found 3 plugins.
Native extension for WindowsStandalone target not found
[Package Manager] Server::EnsureServerProcessIsRunning -- launch failed, reason: Unity was launched with the -noUpm command-line argument
[Package Manager] UpmClient::Send -- Unable to send message (not connected to UPM process).
[Package Manager] Cannot connect to Unity Package Manager local server
Mono: successfully reloaded assembly
- Finished resetting the current domain, in  1.667 seconds
Domain Reload Profiling: 2439ms
	BeginReloadAssembly (169ms)
		ExecutionOrderSort (0ms)
		DisableScriptedObjects (4ms)
		BackupInstance (0ms)
		ReleaseScriptingObjects (0ms)
		CreateAndSetChildDomain (41ms)
	RebuildCommonClasses (35ms)
	RebuildNativeTypeToScriptingClass (12ms)
	initialDomainReloadingComplete (45ms)
	LoadAllAssembliesAndSetupDomain (511ms)
		LoadAssemblies (553ms)
		RebuildTransferFunctionScriptingTraits (0ms)
		AnalyzeDomain (47ms)
			TypeCache.Refresh (10ms)
				TypeCache.ScanAssembly (1ms)
			ScanForSourceGeneratedMonoScriptInfo (25ms)
			ResolveRequiredComponents (11ms)
	FinalizeReload (1667ms)
		ReleaseScriptCaches (0ms)
		RebuildScriptCaches (0ms)
		SetupLoadedEditorAssemblies (615ms)
			LogAssemblyErrors (0ms)
			InitializePlatformSupportModulesInManaged (7ms)
			SetLoadedEditorAssemblies (3ms)
			RefreshPlugins (0ms)
			BeforeProcessingInitializeOnLoad (97ms)
			ProcessInitializeOnLoadAttributes (445ms)
			ProcessInitializeOnLoadMethodAttributes (51ms)
			AfterProcessingInitializeOnLoad (11ms)
			EditorAssembliesLoaded (0ms)
		ExecutionOrderSort2 (0ms)
		AwakeInstancesAfterBackupRestoration (6ms)
Refreshing native plugins compatible for Editor in 6.57 ms, found 3 plugins.
Preloading 0 native plugins for Editor in 0.00 ms.
Unloading 5797 Unused Serialized files (Serialized files now loaded: 0)
Unloading 60 unused Assets / (1.9 MB). Loaded Objects now: 6433.
Memory consumption went from 224.3 MB to 222.3 MB.
Total: 4.514300 ms (FindLiveObjects: 0.619200 ms CreateObjectMapping: 0.174600 ms MarkObjects: 2.947800 ms  DeleteObjects: 0.771700 ms)

Prepare: number of updated asset objects reloaded= 0
AssetImportParameters requested are different than current active one (requested -> active):
  custom:container-demuxer-ogg: 62fdf1f143b41e24485cea50d1cbac27 -> 
  custom:video-decoder-ogg-theora: a1e56fd34408186e4bbccfd4996cb3dc -> 
  custom:framework-win-MediaFoundation: 216162199b28c13a410421893ffa2e32 -> 
  custom:CustomObjectIndexerAttribute: d54d2f2da18e7612c182cf67624b6b12 -> 
  custom:container-demuxer-webm: 4f35f7cbe854078d1ac9338744f61a02 -> 
  custom:container-muxer-webm: aa71ff27fc2769a1b78a27578f13a17b -> 
  custom:video-decoder-webm-vp8: 9c59270c3fd7afecdb556c50c9e8de78 -> 
  custom:SearchIndexIgnoredProperties: e643bd26f0fe6173181afceb89e7c659 -> 
  custom:AudioImporter_EditorPlatform: d09bf68614088b80899f8185d706f6e7 -> 
  custom:video-encoder-webm-vp8: eb34c28f22e8b96e1ab97ce403110664 -> 
  custom:audio-decoder-ogg-vorbis: bf7c407c2cedff20999df2af8eb42d56 -> 
  custom:audio-encoder-webm-vorbis: bf7c407c2cedff20999df2af8eb42d56 -> 
========================================================================
Received Prepare
Begin MonoManager ReloadAssembly
- Loaded All Assemblies, in  0.604 seconds
Refreshing native plugins compatible for Editor in 5.18 ms, found 3 plugins.
Native extension for WindowsStandalone target not found
[Package Manager] Server::EnsureServerProcessIsRunning -- launch failed, reason: Unity was launched with the -noUpm command-line argument
[Package Manager] UpmClient::Send -- Unable to send message (not connected to UPM process).
[Package Manager] Cannot connect to Unity Package Manager local server
Mono: successfully reloaded assembly
- Finished resetting the current domain, in  1.325 seconds
Domain Reload Profiling: 1923ms
	BeginReloadAssembly (193ms)
		ExecutionOrderSort (0ms)
		DisableScriptedObjects (4ms)
		BackupInstance (0ms)
		ReleaseScriptingObjects (0ms)
		CreateAndSetChildDomain (58ms)
	RebuildCommonClasses (40ms)
	RebuildNativeTypeToScriptingClass (12ms)
	initialDomainReloadingComplete (35ms)
	LoadAllAssembliesAndSetupDomain (318ms)
		LoadAssemblies (367ms)
		RebuildTransferFunctionScriptingTraits (0ms)
		AnalyzeDomain (44ms)
			TypeCache.Refresh (9ms)
				TypeCache.ScanAssembly (1ms)
			ScanForSourceGeneratedMonoScriptInfo (23ms)
			ResolveRequiredComponents (10ms)
	FinalizeReload (1325ms)
		ReleaseScriptCaches (0ms)
		RebuildScriptCaches (0ms)
		SetupLoadedEditorAssemblies (517ms)
			LogAssemblyErrors (0ms)
			InitializePlatformSupportModulesInManaged (7ms)
			SetLoadedEditorAssemblies (3ms)
			RefreshPlugins (0ms)
			BeforeProcessingInitializeOnLoad (85ms)
			ProcessInitializeOnLoadAttributes (357ms)
			ProcessInitializeOnLoadMethodAttributes (53ms)
			AfterProcessingInitializeOnLoad (12ms)
			EditorAssembliesLoaded (0ms)
		ExecutionOrderSort2 (0ms)
		AwakeInstancesAfterBackupRestoration (7ms)
Refreshing native plugins compatible for Editor in 5.88 ms, found 3 plugins.
Preloading 0 native plugins for Editor in 0.00 ms.
Unloading 5797 Unused Serialized files (Serialized files now loaded: 0)
Unloading 60 unused Assets / (2.0 MB). Loaded Objects now: 6436.
Memory consumption went from 226.3 MB to 224.3 MB.
Total: 4.518100 ms (FindLiveObjects: 0.557200 ms CreateObjectMapping: 0.164700 ms MarkObjects: 3.134200 ms  DeleteObjects: 0.660700 ms)

Prepare: number of updated asset objects reloaded= 0
AssetImportParameters requested are different than current active one (requested -> active):
  custom:container-demuxer-ogg: 62fdf1f143b41e24485cea50d1cbac27 -> 
  custom:video-decoder-ogg-theora: a1e56fd34408186e4bbccfd4996cb3dc -> 
  custom:framework-win-MediaFoundation: 216162199b28c13a410421893ffa2e32 -> 
  custom:CustomObjectIndexerAttribute: d54d2f2da18e7612c182cf67624b6b12 -> 
  custom:container-demuxer-webm: 4f35f7cbe854078d1ac9338744f61a02 -> 
  custom:container-muxer-webm: aa71ff27fc2769a1b78a27578f13a17b -> 
  custom:video-decoder-webm-vp8: 9c59270c3fd7afecdb556c50c9e8de78 -> 
  custom:SearchIndexIgnoredProperties: e643bd26f0fe6173181afceb89e7c659 -> 
  custom:AudioImporter_EditorPlatform: d09bf68614088b80899f8185d706f6e7 -> 
  custom:video-encoder-webm-vp8: eb34c28f22e8b96e1ab97ce403110664 -> 
  custom:audio-decoder-ogg-vorbis: bf7c407c2cedff20999df2af8eb42d56 -> 
  custom:audio-encoder-webm-vorbis: bf7c407c2cedff20999df2af8eb42d56 -> 
========================================================================
Received Prepare
Begin MonoManager ReloadAssembly
- Loaded All Assemblies, in  0.540 seconds
Refreshing native plugins compatible for Editor in 5.79 ms, found 3 plugins.
Native extension for WindowsStandalone target not found
[Package Manager] Server::EnsureServerProcessIsRunning -- launch failed, reason: Unity was launched with the -noUpm command-line argument
[Package Manager] UpmClient::Send -- Unable to send message (not connected to UPM process).
[Package Manager] Cannot connect to Unity Package Manager local server
Mono: successfully reloaded assembly
- Finished resetting the current domain, in  1.369 seconds
Domain Reload Profiling: 1903ms
	BeginReloadAssembly (171ms)
		ExecutionOrderSort (0ms)
		DisableScriptedObjects (4ms)
		BackupInstance (0ms)
		ReleaseScriptingObjects (0ms)
		CreateAndSetChildDomain (41ms)
	RebuildCommonClasses (37ms)
	RebuildNativeTypeToScriptingClass (11ms)
	initialDomainReloadingComplete (32ms)
	LoadAllAssembliesAndSetupDomain (283ms)
		LoadAssemblies (347ms)
		RebuildTransferFunctionScriptingTraits (0ms)
		AnalyzeDomain (25ms)
			TypeCache.Refresh (10ms)
				TypeCache.ScanAssembly (0ms)
			ScanForSourceGeneratedMonoScriptInfo (0ms)
			ResolveRequiredComponents (13ms)
	FinalizeReload (1369ms)
		ReleaseScriptCaches (0ms)
		RebuildScriptCaches (0ms)
		SetupLoadedEditorAssemblies (588ms)
			LogAssemblyErrors (0ms)
			InitializePlatformSupportModulesInManaged (8ms)
			SetLoadedEditorAssemblies (3ms)
			RefreshPlugins (0ms)
			BeforeProcessingInitializeOnLoad (95ms)
			ProcessInitializeOnLoadAttributes (406ms)
			ProcessInitializeOnLoadMethodAttributes (65ms)
			AfterProcessingInitializeOnLoad (11ms)
			EditorAssembliesLoaded (0ms)
		ExecutionOrderSort2 (0ms)
		AwakeInstancesAfterBackupRestoration (7ms)
Refreshing native plugins compatible for Editor in 5.62 ms, found 3 plugins.
Preloading 0 native plugins for Editor in 0.00 ms.
Unloading 5797 Unused Serialized files (Serialized files now loaded: 0)
Unloading 60 unused Assets / (2.0 MB). Loaded Objects now: 6439.
Memory consumption went from 228.2 MB to 226.2 MB.
Total: 6.456100 ms (FindLiveObjects: 0.917400 ms CreateObjectMapping: 0.293700 ms MarkObjects: 4.203200 ms  DeleteObjects: 1.040500 ms)

Prepare: number of updated asset objects reloaded= 0
AssetImportParameters requested are different than current active one (requested -> active):
  custom:container-demuxer-ogg: 62fdf1f143b41e24485cea50d1cbac27 -> 
  custom:video-decoder-ogg-theora: a1e56fd34408186e4bbccfd4996cb3dc -> 
  custom:framework-win-MediaFoundation: 216162199b28c13a410421893ffa2e32 -> 
  custom:CustomObjectIndexerAttribute: d54d2f2da18e7612c182cf67624b6b12 -> 
  custom:container-demuxer-webm: 4f35f7cbe854078d1ac9338744f61a02 -> 
  custom:container-muxer-webm: aa71ff27fc2769a1b78a27578f13a17b -> 
  custom:video-decoder-webm-vp8: 9c59270c3fd7afecdb556c50c9e8de78 -> 
  custom:SearchIndexIgnoredProperties: e643bd26f0fe6173181afceb89e7c659 -> 
  custom:AudioImporter_EditorPlatform: d09bf68614088b80899f8185d706f6e7 -> 
  custom:video-encoder-webm-vp8: eb34c28f22e8b96e1ab97ce403110664 -> 
  custom:audio-decoder-ogg-vorbis: bf7c407c2cedff20999df2af8eb42d56 -> 
  custom:audio-encoder-webm-vorbis: bf7c407c2cedff20999df2af8eb42d56 -> 
========================================================================
Received Prepare
Begin MonoManager ReloadAssembly
- Loaded All Assemblies, in  0.558 seconds
Refreshing native plugins compatible for Editor in 5.22 ms, found 3 plugins.
Native extension for WindowsStandalone target not found
[Package Manager] Server::EnsureServerProcessIsRunning -- launch failed, reason: Unity was launched with the -noUpm command-line argument
[Package Manager] UpmClient::Send -- Unable to send message (not connected to UPM process).
[Package Manager] Cannot connect to Unity Package Manager local server
Mono: successfully reloaded assembly
- Finished resetting the current domain, in  1.328 seconds
Domain Reload Profiling: 1879ms
	BeginReloadAssembly (162ms)
		ExecutionOrderSort (0ms)
		DisableScriptedObjects (3ms)
		BackupInstance (0ms)
		ReleaseScriptingObjects (0ms)
		CreateAndSetChildDomain (42ms)
	RebuildCommonClasses (32ms)
	RebuildNativeTypeToScriptingClass (11ms)
	initialDomainReloadingComplete (33ms)
	LoadAllAssembliesAndSetupDomain (312ms)
		LoadAssemblies (348ms)
		RebuildTransferFunctionScriptingTraits (0ms)
		AnalyzeDomain (45ms)
			TypeCache.Refresh (10ms)
				TypeCache.ScanAssembly (1ms)
			ScanForSourceGeneratedMonoScriptInfo (24ms)
			ResolveRequiredComponents (10ms)
	FinalizeReload (1328ms)
		ReleaseScriptCaches (0ms)
		RebuildScriptCaches (0ms)
		SetupLoadedEditorAssemblies (534ms)
			LogAssemblyErrors (0ms)
			InitializePlatformSupportModulesInManaged (6ms)
			SetLoadedEditorAssemblies (3ms)
			RefreshPlugins (0ms)
			BeforeProcessingInitializeOnLoad (88ms)
			ProcessInitializeOnLoadAttributes (373ms)
			ProcessInitializeOnLoadMethodAttributes (54ms)
			AfterProcessingInitializeOnLoad (10ms)
			EditorAssembliesLoaded (0ms)
		ExecutionOrderSort2 (0ms)
		AwakeInstancesAfterBackupRestoration (6ms)
Refreshing native plugins compatible for Editor in 5.25 ms, found 3 plugins.
Preloading 0 native plugins for Editor in 0.00 ms.
Unloading 5797 Unused Serialized files (Serialized files now loaded: 0)
Unloading 60 unused Assets / (1.9 MB). Loaded Objects now: 6442.
Memory consumption went from 230.1 MB to 228.2 MB.
Total: 5.274000 ms (FindLiveObjects: 0.686500 ms CreateObjectMapping: 0.327800 ms MarkObjects: 3.607800 ms  DeleteObjects: 0.650600 ms)

Prepare: number of updated asset objects reloaded= 0
AssetImportParameters requested are different than current active one (requested -> active):
  custom:container-demuxer-ogg: 62fdf1f143b41e24485cea50d1cbac27 -> 
  custom:video-decoder-ogg-theora: a1e56fd34408186e4bbccfd4996cb3dc -> 
  custom:framework-win-MediaFoundation: 216162199b28c13a410421893ffa2e32 -> 
  custom:CustomObjectIndexerAttribute: d54d2f2da18e7612c182cf67624b6b12 -> 
  custom:container-demuxer-webm: 4f35f7cbe854078d1ac9338744f61a02 -> 
  custom:container-muxer-webm: aa71ff27fc2769a1b78a27578f13a17b -> 
  custom:video-decoder-webm-vp8: 9c59270c3fd7afecdb556c50c9e8de78 -> 
  custom:SearchIndexIgnoredProperties: e643bd26f0fe6173181afceb89e7c659 -> 
  custom:AudioImporter_EditorPlatform: d09bf68614088b80899f8185d706f6e7 -> 
  custom:video-encoder-webm-vp8: eb34c28f22e8b96e1ab97ce403110664 -> 
  custom:audio-decoder-ogg-vorbis: bf7c407c2cedff20999df2af8eb42d56 -> 
  custom:audio-encoder-webm-vorbis: bf7c407c2cedff20999df2af8eb42d56 -> 
========================================================================
Received Prepare
Begin MonoManager ReloadAssembly
- Loaded All Assemblies, in  0.536 seconds
Refreshing native plugins compatible for Editor in 5.08 ms, found 3 plugins.
Native extension for WindowsStandalone target not found
[Package Manager] Server::EnsureServerProcessIsRunning -- launch failed, reason: Unity was launched with the -noUpm command-line argument
[Package Manager] UpmClient::Send -- Unable to send message (not connected to UPM process).
[Package Manager] Cannot connect to Unity Package Manager local server
Mono: successfully reloaded assembly
- Finished resetting the current domain, in  1.443 seconds
Domain Reload Profiling: 1972ms
	BeginReloadAssembly (163ms)
		ExecutionOrderSort (0ms)
		DisableScriptedObjects (3ms)
		BackupInstance (0ms)
		ReleaseScriptingObjects (0ms)
		CreateAndSetChildDomain (39ms)
	RebuildCommonClasses (31ms)
	RebuildNativeTypeToScriptingClass (11ms)
	initialDomainReloadingComplete (32ms)
	LoadAllAssembliesAndSetupDomain (293ms)
		LoadAssemblies (356ms)
		RebuildTransferFunctionScriptingTraits (0ms)
		AnalyzeDomain (20ms)
			TypeCache.Refresh (7ms)
				TypeCache.ScanAssembly (0ms)
			ScanForSourceGeneratedMonoScriptInfo (0ms)
			ResolveRequiredComponents (10ms)
	FinalizeReload (1443ms)
		ReleaseScriptCaches (0ms)
		RebuildScriptCaches (0ms)
		SetupLoadedEditorAssemblies (605ms)
			LogAssemblyErrors (0ms)
			InitializePlatformSupportModulesInManaged (7ms)
			SetLoadedEditorAssemblies (3ms)
			RefreshPlugins (0ms)
			BeforeProcessingInitializeOnLoad (91ms)
			ProcessInitializeOnLoadAttributes (433ms)
			ProcessInitializeOnLoadMethodAttributes (59ms)
			AfterProcessingInitializeOnLoad (12ms)
			EditorAssembliesLoaded (0ms)
		ExecutionOrderSort2 (0ms)
		AwakeInstancesAfterBackupRestoration (7ms)
Refreshing native plugins compatible for Editor in 5.83 ms, found 3 plugins.
Preloading 0 native plugins for Editor in 0.00 ms.
Unloading 5797 Unused Serialized files (Serialized files now loaded: 0)
Unloading 60 unused Assets / (2.0 MB). Loaded Objects now: 6445.
Memory consumption went from 232.0 MB to 230.1 MB.
Total: 5.527000 ms (FindLiveObjects: 0.887300 ms CreateObjectMapping: 0.186000 ms MarkObjects: 3.479500 ms  DeleteObjects: 0.971200 ms)

Prepare: number of updated asset objects reloaded= 0
AssetImportParameters requested are different than current active one (requested -> active):
  custom:container-demuxer-ogg: 62fdf1f143b41e24485cea50d1cbac27 -> 
  custom:video-decoder-ogg-theora: a1e56fd34408186e4bbccfd4996cb3dc -> 
  custom:framework-win-MediaFoundation: 216162199b28c13a410421893ffa2e32 -> 
  custom:CustomObjectIndexerAttribute: d54d2f2da18e7612c182cf67624b6b12 -> 
  custom:container-demuxer-webm: 4f35f7cbe854078d1ac9338744f61a02 -> 
  custom:container-muxer-webm: aa71ff27fc2769a1b78a27578f13a17b -> 
  custom:video-decoder-webm-vp8: 9c59270c3fd7afecdb556c50c9e8de78 -> 
  custom:SearchIndexIgnoredProperties: e643bd26f0fe6173181afceb89e7c659 -> 
  custom:AudioImporter_EditorPlatform: d09bf68614088b80899f8185d706f6e7 -> 
  custom:video-encoder-webm-vp8: eb34c28f22e8b96e1ab97ce403110664 -> 
  custom:audio-decoder-ogg-vorbis: bf7c407c2cedff20999df2af8eb42d56 -> 
  custom:audio-encoder-webm-vorbis: bf7c407c2cedff20999df2af8eb42d56 -> 
========================================================================
Received Prepare
Begin MonoManager ReloadAssembly
- Loaded All Assemblies, in  0.524 seconds
Refreshing native plugins compatible for Editor in 5.63 ms, found 3 plugins.
Native extension for WindowsStandalone target not found
[Package Manager] Server::EnsureServerProcessIsRunning -- launch failed, reason: Unity was launched with the -noUpm command-line argument
[Package Manager] UpmClient::Send -- Unable to send message (not connected to UPM process).
[Package Manager] Cannot connect to Unity Package Manager local server
Mono: successfully reloaded assembly
- Finished resetting the current domain, in  1.444 seconds
Domain Reload Profiling: 1962ms
	BeginReloadAssembly (160ms)
		ExecutionOrderSort (0ms)
		DisableScriptedObjects (3ms)
		BackupInstance (0ms)
		ReleaseScriptingObjects (0ms)
		CreateAndSetChildDomain (39ms)
	RebuildCommonClasses (31ms)
	RebuildNativeTypeToScriptingClass (11ms)
	initialDomainReloadingComplete (34ms)
	LoadAllAssembliesAndSetupDomain (282ms)
		LoadAssemblies (345ms)
		RebuildTransferFunctionScriptingTraits (0ms)
		AnalyzeDomain (19ms)
			TypeCache.Refresh (7ms)
				TypeCache.ScanAssembly (0ms)
			ScanForSourceGeneratedMonoScriptInfo (0ms)
			ResolveRequiredComponents (10ms)
	FinalizeReload (1444ms)
		ReleaseScriptCaches (0ms)
		RebuildScriptCaches (0ms)
		SetupLoadedEditorAssemblies (630ms)
			LogAssemblyErrors (0ms)
			InitializePlatformSupportModulesInManaged (8ms)
			SetLoadedEditorAssemblies (4ms)
			RefreshPlugins (0ms)
			BeforeProcessingInitializeOnLoad (96ms)
			ProcessInitializeOnLoadAttributes (447ms)
			ProcessInitializeOnLoadMethodAttributes (60ms)
			AfterProcessingInitializeOnLoad (15ms)
			EditorAssembliesLoaded (0ms)
		ExecutionOrderSort2 (0ms)
		AwakeInstancesAfterBackupRestoration (7ms)
Refreshing native plugins compatible for Editor in 6.44 ms, found 3 plugins.
Preloading 0 native plugins for Editor in 0.00 ms.
Unloading 5797 Unused Serialized files (Serialized files now loaded: 0)
Unloading 60 unused Assets / (1.9 MB). Loaded Objects now: 6448.
Memory consumption went from 233.9 MB to 231.9 MB.
Total: 4.350400 ms (FindLiveObjects: 0.550100 ms CreateObjectMapping: 0.163300 ms MarkObjects: 2.943400 ms  DeleteObjects: 0.692700 ms)

Prepare: number of updated asset objects reloaded= 0
AssetImportParameters requested are different than current active one (requested -> active):
  custom:container-demuxer-ogg: 62fdf1f143b41e24485cea50d1cbac27 -> 
  custom:video-decoder-ogg-theora: a1e56fd34408186e4bbccfd4996cb3dc -> 
  custom:framework-win-MediaFoundation: 216162199b28c13a410421893ffa2e32 -> 
  custom:CustomObjectIndexerAttribute: d54d2f2da18e7612c182cf67624b6b12 -> 
  custom:container-demuxer-webm: 4f35f7cbe854078d1ac9338744f61a02 -> 
  custom:container-muxer-webm: aa71ff27fc2769a1b78a27578f13a17b -> 
  custom:video-decoder-webm-vp8: 9c59270c3fd7afecdb556c50c9e8de78 -> 
  custom:SearchIndexIgnoredProperties: e643bd26f0fe6173181afceb89e7c659 -> 
  custom:AudioImporter_EditorPlatform: d09bf68614088b80899f8185d706f6e7 -> 
  custom:video-encoder-webm-vp8: eb34c28f22e8b96e1ab97ce403110664 -> 
  custom:audio-decoder-ogg-vorbis: bf7c407c2cedff20999df2af8eb42d56 -> 
  custom:audio-encoder-webm-vorbis: bf7c407c2cedff20999df2af8eb42d56 -> 
========================================================================
Received Prepare
Begin MonoManager ReloadAssembly
- Loaded All Assemblies, in  0.536 seconds
Refreshing native plugins compatible for Editor in 5.51 ms, found 3 plugins.
Native extension for WindowsStandalone target not found
[Package Manager] Server::EnsureServerProcessIsRunning -- launch failed, reason: Unity was launched with the -noUpm command-line argument
[Package Manager] UpmClient::Send -- Unable to send message (not connected to UPM process).
[Package Manager] Cannot connect to Unity Package Manager local server
Mono: successfully reloaded assembly
- Finished resetting the current domain, in  1.472 seconds
Domain Reload Profiling: 2003ms
	BeginReloadAssembly (160ms)
		ExecutionOrderSort (0ms)
		DisableScriptedObjects (4ms)
		BackupInstance (0ms)
		ReleaseScriptingObjects (0ms)
		CreateAndSetChildDomain (36ms)
	RebuildCommonClasses (31ms)
	RebuildNativeTypeToScriptingClass (11ms)
	initialDomainReloadingComplete (34ms)
	LoadAllAssembliesAndSetupDomain (294ms)
		LoadAssemblies (357ms)
		RebuildTransferFunctionScriptingTraits (0ms)
		AnalyzeDomain (20ms)
			TypeCache.Refresh (7ms)
				TypeCache.ScanAssembly (0ms)
			ScanForSourceGeneratedMonoScriptInfo (0ms)
			ResolveRequiredComponents (10ms)
	FinalizeReload (1473ms)
		ReleaseScriptCaches (0ms)
		RebuildScriptCaches (0ms)
		SetupLoadedEditorAssemblies (611ms)
			LogAssemblyErrors (0ms)
			InitializePlatformSupportModulesInManaged (8ms)
			SetLoadedEditorAssemblies (3ms)
			RefreshPlugins (0ms)
			BeforeProcessingInitializeOnLoad (96ms)
			ProcessInitializeOnLoadAttributes (428ms)
			ProcessInitializeOnLoadMethodAttributes (62ms)
			AfterProcessingInitializeOnLoad (13ms)
			EditorAssembliesLoaded (0ms)
		ExecutionOrderSort2 (0ms)
		AwakeInstancesAfterBackupRestoration (7ms)
Refreshing native plugins compatible for Editor in 6.63 ms, found 3 plugins.
Preloading 0 native plugins for Editor in 0.00 ms.
Unloading 5797 Unused Serialized files (Serialized files now loaded: 0)
Unloading 60 unused Assets / (2.0 MB). Loaded Objects now: 6451.
Memory consumption went from 235.9 MB to 233.9 MB.
Total: 4.489700 ms (FindLiveObjects: 0.640100 ms CreateObjectMapping: 0.174600 ms MarkObjects: 2.949300 ms  DeleteObjects: 0.724800 ms)

Prepare: number of updated asset objects reloaded= 0
AssetImportParameters requested are different than current active one (requested -> active):
  custom:container-demuxer-ogg: 62fdf1f143b41e24485cea50d1cbac27 -> 
  custom:video-decoder-ogg-theora: a1e56fd34408186e4bbccfd4996cb3dc -> 
  custom:framework-win-MediaFoundation: 216162199b28c13a410421893ffa2e32 -> 
  custom:CustomObjectIndexerAttribute: d54d2f2da18e7612c182cf67624b6b12 -> 
  custom:container-demuxer-webm: 4f35f7cbe854078d1ac9338744f61a02 -> 
  custom:container-muxer-webm: aa71ff27fc2769a1b78a27578f13a17b -> 
  custom:video-decoder-webm-vp8: 9c59270c3fd7afecdb556c50c9e8de78 -> 
  custom:SearchIndexIgnoredProperties: e643bd26f0fe6173181afceb89e7c659 -> 
  custom:AudioImporter_EditorPlatform: d09bf68614088b80899f8185d706f6e7 -> 
  custom:video-encoder-webm-vp8: eb34c28f22e8b96e1ab97ce403110664 -> 
  custom:audio-decoder-ogg-vorbis: bf7c407c2cedff20999df2af8eb42d56 -> 
  custom:audio-encoder-webm-vorbis: bf7c407c2cedff20999df2af8eb42d56 -> 
========================================================================
Received Prepare
Begin MonoManager ReloadAssembly
- Loaded All Assemblies, in  0.528 seconds
Refreshing native plugins compatible for Editor in 6.09 ms, found 3 plugins.
Native extension for WindowsStandalone target not found
[Package Manager] Server::EnsureServerProcessIsRunning -- launch failed, reason: Unity was launched with the -noUpm command-line argument
[Package Manager] UpmClient::Send -- Unable to send message (not connected to UPM process).
[Package Manager] Cannot connect to Unity Package Manager local server
Mono: successfully reloaded assembly
- Finished resetting the current domain, in  1.471 seconds
Domain Reload Profiling: 1994ms
	BeginReloadAssembly (168ms)
		ExecutionOrderSort (0ms)
		DisableScriptedObjects (3ms)
		BackupInstance (0ms)
		ReleaseScriptingObjects (0ms)
		CreateAndSetChildDomain (45ms)
	RebuildCommonClasses (31ms)
	RebuildNativeTypeToScriptingClass (11ms)
	initialDomainReloadingComplete (32ms)
	LoadAllAssembliesAndSetupDomain (281ms)
		LoadAssemblies (345ms)
		RebuildTransferFunctionScriptingTraits (0ms)
		AnalyzeDomain (19ms)
			TypeCache.Refresh (7ms)
				TypeCache.ScanAssembly (0ms)
			ScanForSourceGeneratedMonoScriptInfo (0ms)
			ResolveRequiredComponents (10ms)
	FinalizeReload (1472ms)
		ReleaseScriptCaches (0ms)
		RebuildScriptCaches (0ms)
		SetupLoadedEditorAssemblies (599ms)
			LogAssemblyErrors (0ms)
			InitializePlatformSupportModulesInManaged (7ms)
			SetLoadedEditorAssemblies (3ms)
			RefreshPlugins (0ms)
			BeforeProcessingInitializeOnLoad (97ms)
			ProcessInitializeOnLoadAttributes (420ms)
			ProcessInitializeOnLoadMethodAttributes (61ms)
			AfterProcessingInitializeOnLoad (11ms)
			EditorAssembliesLoaded (0ms)
		ExecutionOrderSort2 (0ms)
		AwakeInstancesAfterBackupRestoration (7ms)
Refreshing native plugins compatible for Editor in 6.52 ms, found 3 plugins.
Preloading 0 native plugins for Editor in 0.00 ms.
Unloading 5797 Unused Serialized files (Serialized files now loaded: 0)
Unloading 60 unused Assets / (1.9 MB). Loaded Objects now: 6454.
Memory consumption went from 237.8 MB to 235.8 MB.
Total: 4.744700 ms (FindLiveObjects: 0.667200 ms CreateObjectMapping: 0.177800 ms MarkObjects: 3.091900 ms  DeleteObjects: 0.806700 ms)

Prepare: number of updated asset objects reloaded= 0
AssetImportParameters requested are different than current active one (requested -> active):
  custom:container-demuxer-ogg: 62fdf1f143b41e24485cea50d1cbac27 -> 
  custom:video-decoder-ogg-theora: a1e56fd34408186e4bbccfd4996cb3dc -> 
  custom:framework-win-MediaFoundation: 216162199b28c13a410421893ffa2e32 -> 
  custom:CustomObjectIndexerAttribute: d54d2f2da18e7612c182cf67624b6b12 -> 
  custom:container-demuxer-webm: 4f35f7cbe854078d1ac9338744f61a02 -> 
  custom:container-muxer-webm: aa71ff27fc2769a1b78a27578f13a17b -> 
  custom:video-decoder-webm-vp8: 9c59270c3fd7afecdb556c50c9e8de78 -> 
  custom:SearchIndexIgnoredProperties: e643bd26f0fe6173181afceb89e7c659 -> 
  custom:AudioImporter_EditorPlatform: d09bf68614088b80899f8185d706f6e7 -> 
  custom:video-encoder-webm-vp8: eb34c28f22e8b96e1ab97ce403110664 -> 
  custom:audio-decoder-ogg-vorbis: bf7c407c2cedff20999df2af8eb42d56 -> 
  custom:audio-encoder-webm-vorbis: bf7c407c2cedff20999df2af8eb42d56 -> 
